2025-11-03 01:15:46,725 ERROR scheduler Skipped queueing erpnext.stock.doctype.repost_item_valuation.repost_item_valuation.repost_entries because it was found in queue for erp.local
2025-11-03 01:15:46,728 ERROR scheduler Skipped queueing erpnext.projects.doctype.project.project.collect_project_status because it was found in queue for erp.local
2025-11-03 01:15:46,729 ERROR scheduler Skipped queueing frappe.website.doctype.web_page.web_page.check_publish_status because it was found in queue for erp.local
2025-11-03 01:15:46,731 ERROR scheduler Skipped queueing erpnext.manufacturing.doctype.bom_update_log.bom_update_log.resume_bom_cost_update_jobs because it was found in queue for erp.local
2025-11-03 01:15:46,734 ERROR scheduler Skipped queueing frappe.automation.doctype.reminder.reminder.send_reminders because it was found in queue for erp.local
2025-11-03 01:15:46,738 ERROR scheduler Skipped queueing erpnext.accounts.doctype.gl_entry.gl_entry.rename_gle_sle_docs because it was found in queue for erp.local
2025-11-03 01:15:46,739 ERROR scheduler Skipped queueing frappe.monitor.flush because it was found in queue for erp.local
2025-11-03 01:15:46,741 ERROR scheduler Skipped queueing frappe.integrations.doctype.google_calendar.google_calendar.sync because it was found in queue for erp.local
2025-11-03 01:15:46,744 ERROR scheduler Skipped queueing frappe.email.queue.flush because it was found in queue for erp.local
2025-11-03 01:15:46,748 ERROR scheduler Skipped queueing frappe.model.utils.link_count.update_link_count because it was found in queue for erp.local
2025-11-03 01:15:46,750 ERROR scheduler Skipped queueing frappe.email.doctype.email_account.email_account.pull because it was found in queue for erp.local
2025-11-03 01:15:46,751 ERROR scheduler Skipped queueing frappe.model.utils.user_settings.sync_user_settings because it was found in queue for erp.local
2025-11-03 01:15:46,752 ERROR scheduler Skipped queueing erpnext.projects.doctype.project.project.hourly_reminder because it was found in queue for erp.local
2025-11-03 01:15:46,753 ERROR scheduler Skipped queueing frappe.utils.global_search.sync_global_search because it was found in queue for erp.local
2025-11-03 01:15:46,755 ERROR scheduler Skipped queueing frappe.email.queue.retry_sending_emails because it was found in queue for erp.local
2025-11-03 01:15:46,757 ERROR scheduler Skipped queueing frappe.desk.page.backups.backups.delete_downloadable_backups because it was found in queue for erp.local
2025-11-03 01:15:46,758 ERROR scheduler Skipped queueing frappe.twofactor.delete_all_barcodes_for_users because it was found in queue for erp.local
2025-11-03 01:16:41,796 ERROR scheduler Skipped queueing frappe.desk.page.backups.backups.delete_downloadable_backups because it was found in queue for erp.local
2025-11-03 01:16:41,801 ERROR scheduler Skipped queueing frappe.website.doctype.personal_data_deletion_request.personal_data_deletion_request.process_data_deletion_request because it was found in queue for erp.local
2025-11-03 01:16:41,803 ERROR scheduler Skipped queueing erpnext.utilities.doctype.video.video.update_youtube_data because it was found in queue for erp.local
2025-11-03 01:16:41,809 ERROR scheduler Skipped queueing frappe.utils.global_search.sync_global_search because it was found in queue for erp.local
2025-11-03 01:16:41,812 ERROR scheduler Skipped queueing frappe.email.queue.flush because it was found in queue for erp.local
2025-11-03 01:16:41,815 ERROR scheduler Skipped queueing erpnext.accounts.doctype.gl_entry.gl_entry.rename_gle_sle_docs because it was found in queue for erp.local
2025-11-03 01:16:41,819 ERROR scheduler Skipped queueing erpnext.stock.doctype.repost_item_valuation.repost_item_valuation.repost_entries because it was found in queue for erp.local
2025-11-03 01:16:41,823 ERROR scheduler Skipped queueing frappe.integrations.doctype.google_calendar.google_calendar.sync because it was found in queue for erp.local
2025-11-03 01:16:41,826 ERROR scheduler Skipped queueing erpnext.projects.doctype.project.project.hourly_reminder because it was found in queue for erp.local
2025-11-03 01:16:41,827 ERROR scheduler Skipped queueing erpnext.stock.reorder_item.reorder_item because it was found in queue for erp.local
2025-11-03 01:16:41,830 ERROR scheduler Skipped queueing frappe.model.utils.link_count.update_link_count because it was found in queue for erp.local
2025-11-03 01:16:41,831 ERROR scheduler Skipped queueing frappe.email.doctype.email_account.email_account.notify_unreplied because it was found in queue for erp.local
2025-11-03 01:16:41,832 ERROR scheduler Skipped queueing frappe.deferred_insert.save_to_db because it was found in queue for erp.local
2025-11-03 01:16:41,834 ERROR scheduler Skipped queueing frappe.automation.doctype.reminder.reminder.send_reminders because it was found in queue for erp.local
2025-11-03 01:16:41,835 ERROR scheduler Skipped queueing frappe.model.utils.user_settings.sync_user_settings because it was found in queue for erp.local
2025-11-03 01:16:41,836 ERROR scheduler Skipped queueing erpnext.erpnext_integrations.doctype.plaid_settings.plaid_settings.automatic_synchronization because it was found in queue for erp.local
2025-11-03 01:16:41,837 ERROR scheduler Skipped queueing frappe.oauth.delete_oauth2_data because it was found in queue for erp.local
2025-11-03 01:16:41,841 ERROR scheduler Skipped queueing frappe.core.doctype.prepared_report.prepared_report.expire_stalled_report because it was found in queue for erp.local
2025-11-03 01:16:41,842 ERROR scheduler Skipped queueing erpnext.projects.doctype.project.project.project_status_update_reminder because it was found in queue for erp.local
2025-11-03 01:16:41,846 ERROR scheduler Skipped queueing erpnext.utilities.bulk_transaction.retry because it was found in queue for erp.local
2025-11-03 01:16:41,847 ERROR scheduler Skipped queueing frappe.monitor.flush because it was found in queue for erp.local
2025-11-03 01:16:41,852 ERROR scheduler Skipped queueing frappe.email.doctype.newsletter.newsletter.send_scheduled_email because it was found in queue for erp.local
2025-11-03 01:16:41,853 ERROR scheduler Skipped queueing frappe.email.queue.retry_sending_emails because it was found in queue for erp.local
2025-11-03 01:16:41,855 ERROR scheduler Skipped queueing frappe.website.doctype.web_page.web_page.check_publish_status because it was found in queue for erp.local
2025-11-03 01:16:41,859 ERROR scheduler Skipped queueing erpnext.manufacturing.doctype.bom_update_log.bom_update_log.resume_bom_cost_update_jobs because it was found in queue for erp.local
2025-11-03 01:16:41,860 ERROR scheduler Skipped queueing frappe.email.doctype.email_account.email_account.pull because it was found in queue for erp.local
2025-11-03 01:16:41,862 ERROR scheduler Skipped queueing erpnext.projects.doctype.project.project.collect_project_status because it was found in queue for erp.local
2025-11-03 01:16:41,864 ERROR scheduler Skipped queueing frappe.desk.form.document_follow.send_hourly_updates because it was found in queue for erp.local
2025-11-03 01:16:41,865 ERROR scheduler Skipped queueing frappe.twofactor.delete_all_barcodes_for_users because it was found in queue for erp.local
2025-11-03 01:17:36,886 ERROR scheduler Skipped queueing erpnext.stock.reorder_item.reorder_item because it was found in queue for erp.local
2025-11-03 01:17:36,888 ERROR scheduler Skipped queueing frappe.utils.global_search.sync_global_search because it was found in queue for erp.local
2025-11-03 01:17:36,890 ERROR scheduler Skipped queueing frappe.core.doctype.prepared_report.prepared_report.expire_stalled_report because it was found in queue for erp.local
2025-11-03 01:17:36,891 ERROR scheduler Skipped queueing frappe.automation.doctype.reminder.reminder.send_reminders because it was found in queue for erp.local
2025-11-03 01:17:36,893 ERROR scheduler Skipped queueing frappe.email.doctype.email_account.email_account.notify_unreplied because it was found in queue for erp.local
2025-11-03 01:17:36,894 ERROR scheduler Skipped queueing erpnext.projects.doctype.project.project.project_status_update_reminder because it was found in queue for erp.local
2025-11-03 01:17:36,895 ERROR scheduler Skipped queueing frappe.deferred_insert.save_to_db because it was found in queue for erp.local
2025-11-03 01:17:36,896 ERROR scheduler Skipped queueing frappe.desk.form.document_follow.send_hourly_updates because it was found in queue for erp.local
2025-11-03 01:17:36,897 ERROR scheduler Skipped queueing frappe.website.doctype.personal_data_deletion_request.personal_data_deletion_request.process_data_deletion_request because it was found in queue for erp.local
2025-11-03 01:17:36,899 ERROR scheduler Skipped queueing frappe.twofactor.delete_all_barcodes_for_users because it was found in queue for erp.local
2025-11-03 01:17:36,904 ERROR scheduler Skipped queueing frappe.integrations.doctype.google_calendar.google_calendar.sync because it was found in queue for erp.local
2025-11-03 01:17:36,905 ERROR scheduler Skipped queueing erpnext.stock.doctype.repost_item_valuation.repost_item_valuation.repost_entries because it was found in queue for erp.local
2025-11-03 01:17:36,909 ERROR scheduler Skipped queueing frappe.desk.page.backups.backups.delete_downloadable_backups because it was found in queue for erp.local
2025-11-03 01:17:36,909 ERROR scheduler Skipped queueing frappe.model.utils.user_settings.sync_user_settings because it was found in queue for erp.local
2025-11-03 01:17:36,910 ERROR scheduler Skipped queueing frappe.website.doctype.web_page.web_page.check_publish_status because it was found in queue for erp.local
2025-11-03 01:17:36,915 ERROR scheduler Skipped queueing frappe.model.utils.link_count.update_link_count because it was found in queue for erp.local
2025-11-03 01:17:36,917 ERROR scheduler Skipped queueing erpnext.erpnext_integrations.doctype.plaid_settings.plaid_settings.automatic_synchronization because it was found in queue for erp.local
2025-11-03 01:17:36,918 ERROR scheduler Skipped queueing frappe.monitor.flush because it was found in queue for erp.local
2025-11-03 01:17:36,920 ERROR scheduler Skipped queueing erpnext.projects.doctype.project.project.collect_project_status because it was found in queue for erp.local
2025-11-03 01:17:36,922 ERROR scheduler Skipped queueing frappe.email.doctype.email_account.email_account.pull because it was found in queue for erp.local
2025-11-03 01:17:36,923 ERROR scheduler Skipped queueing erpnext.manufacturing.doctype.bom_update_log.bom_update_log.resume_bom_cost_update_jobs because it was found in queue for erp.local
2025-11-03 01:17:36,930 ERROR scheduler Skipped queueing erpnext.accounts.doctype.gl_entry.gl_entry.rename_gle_sle_docs because it was found in queue for erp.local
2025-11-03 01:17:36,931 ERROR scheduler Skipped queueing frappe.email.queue.retry_sending_emails because it was found in queue for erp.local
2025-11-03 01:17:36,932 ERROR scheduler Skipped queueing frappe.email.doctype.newsletter.newsletter.send_scheduled_email because it was found in queue for erp.local
2025-11-03 01:17:36,939 ERROR scheduler Skipped queueing erpnext.utilities.doctype.video.video.update_youtube_data because it was found in queue for erp.local
2025-11-03 01:17:36,941 ERROR scheduler Skipped queueing erpnext.projects.doctype.project.project.hourly_reminder because it was found in queue for erp.local
2025-11-03 01:17:36,944 ERROR scheduler Skipped queueing frappe.oauth.delete_oauth2_data because it was found in queue for erp.local
2025-11-03 01:17:36,946 ERROR scheduler Skipped queueing erpnext.utilities.bulk_transaction.retry because it was found in queue for erp.local
2025-11-03 01:17:36,951 ERROR scheduler Skipped queueing frappe.email.queue.flush because it was found in queue for erp.local
2025-11-03 01:18:34,488 ERROR scheduler Skipped queueing erpnext.utilities.doctype.video.video.update_youtube_data because it was found in queue for erp.local
2025-11-03 01:18:34,496 ERROR scheduler Skipped queueing frappe.email.doctype.email_account.email_account.pull because it was found in queue for erp.local
2025-11-03 01:18:34,506 ERROR scheduler Skipped queueing frappe.website.doctype.web_page.web_page.check_publish_status because it was found in queue for erp.local
2025-11-03 01:18:34,508 ERROR scheduler Skipped queueing erpnext.stock.reorder_item.reorder_item because it was found in queue for erp.local
2025-11-03 01:18:34,511 ERROR scheduler Skipped queueing erpnext.projects.doctype.project.project.hourly_reminder because it was found in queue for erp.local
2025-11-03 01:18:34,512 ERROR scheduler Skipped queueing erpnext.accounts.doctype.gl_entry.gl_entry.rename_gle_sle_docs because it was found in queue for erp.local
2025-11-03 01:18:34,517 ERROR scheduler Skipped queueing erpnext.utilities.bulk_transaction.retry because it was found in queue for erp.local
2025-11-03 01:18:34,519 ERROR scheduler Skipped queueing frappe.model.utils.link_count.update_link_count because it was found in queue for erp.local
2025-11-03 01:18:34,521 ERROR scheduler Skipped queueing frappe.desk.page.backups.backups.delete_downloadable_backups because it was found in queue for erp.local
2025-11-03 01:18:34,525 ERROR scheduler Skipped queueing erpnext.projects.doctype.project.project.project_status_update_reminder because it was found in queue for erp.local
2025-11-03 01:18:34,526 ERROR scheduler Skipped queueing erpnext.projects.doctype.project.project.collect_project_status because it was found in queue for erp.local
2025-11-03 01:18:34,527 ERROR scheduler Skipped queueing frappe.desk.form.document_follow.send_hourly_updates because it was found in queue for erp.local
2025-11-03 01:18:34,529 ERROR scheduler Skipped queueing frappe.core.doctype.prepared_report.prepared_report.expire_stalled_report because it was found in queue for erp.local
2025-11-03 01:18:34,530 ERROR scheduler Skipped queueing erpnext.stock.doctype.repost_item_valuation.repost_item_valuation.repost_entries because it was found in queue for erp.local
2025-11-03 01:18:34,531 ERROR scheduler Skipped queueing frappe.model.utils.user_settings.sync_user_settings because it was found in queue for erp.local
2025-11-03 01:18:34,532 ERROR scheduler Skipped queueing frappe.oauth.delete_oauth2_data because it was found in queue for erp.local
2025-11-03 01:18:34,534 ERROR scheduler Skipped queueing erpnext.erpnext_integrations.doctype.plaid_settings.plaid_settings.automatic_synchronization because it was found in queue for erp.local
2025-11-03 01:18:34,535 ERROR scheduler Skipped queueing frappe.integrations.doctype.google_calendar.google_calendar.sync because it was found in queue for erp.local
2025-11-03 01:18:34,538 ERROR scheduler Skipped queueing erpnext.manufacturing.doctype.bom_update_log.bom_update_log.resume_bom_cost_update_jobs because it was found in queue for erp.local
2025-11-03 01:18:34,541 ERROR scheduler Skipped queueing frappe.deferred_insert.save_to_db because it was found in queue for erp.local
2025-11-03 01:18:34,543 ERROR scheduler Skipped queueing frappe.email.doctype.newsletter.newsletter.send_scheduled_email because it was found in queue for erp.local
2025-11-03 01:18:34,546 ERROR scheduler Skipped queueing frappe.monitor.flush because it was found in queue for erp.local
2025-11-03 01:18:34,550 ERROR scheduler Skipped queueing frappe.email.queue.flush because it was found in queue for erp.local
2025-11-03 01:18:34,551 ERROR scheduler Skipped queueing frappe.twofactor.delete_all_barcodes_for_users because it was found in queue for erp.local
2025-11-03 01:18:34,555 ERROR scheduler Skipped queueing frappe.automation.doctype.reminder.reminder.send_reminders because it was found in queue for erp.local
2025-11-03 01:18:34,556 ERROR scheduler Skipped queueing frappe.email.queue.retry_sending_emails because it was found in queue for erp.local
2025-11-03 01:18:34,559 ERROR scheduler Skipped queueing frappe.email.doctype.email_account.email_account.notify_unreplied because it was found in queue for erp.local
2025-11-03 01:18:34,561 ERROR scheduler Skipped queueing frappe.utils.global_search.sync_global_search because it was found in queue for erp.local
2025-11-03 01:18:34,563 ERROR scheduler Skipped queueing frappe.website.doctype.personal_data_deletion_request.personal_data_deletion_request.process_data_deletion_request because it was found in queue for erp.local
2025-11-03 01:19:29,582 ERROR scheduler Skipped queueing frappe.model.utils.user_settings.sync_user_settings because it was found in queue for erp.local
2025-11-03 01:19:29,584 ERROR scheduler Skipped queueing frappe.model.utils.link_count.update_link_count because it was found in queue for erp.local
2025-11-03 01:19:29,585 ERROR scheduler Skipped queueing erpnext.stock.doctype.repost_item_valuation.repost_item_valuation.repost_entries because it was found in queue for erp.local
2025-11-03 01:19:29,587 ERROR scheduler Skipped queueing frappe.email.doctype.email_account.email_account.notify_unreplied because it was found in queue for erp.local
2025-11-03 01:19:29,590 ERROR scheduler Skipped queueing frappe.deferred_insert.save_to_db because it was found in queue for erp.local
2025-11-03 01:19:29,594 ERROR scheduler Skipped queueing frappe.monitor.flush because it was found in queue for erp.local
2025-11-03 01:19:29,598 ERROR scheduler Skipped queueing frappe.oauth.delete_oauth2_data because it was found in queue for erp.local
2025-11-03 01:19:29,601 ERROR scheduler Skipped queueing erpnext.manufacturing.doctype.bom_update_log.bom_update_log.resume_bom_cost_update_jobs because it was found in queue for erp.local
2025-11-03 01:19:29,602 ERROR scheduler Skipped queueing frappe.desk.page.backups.backups.delete_downloadable_backups because it was found in queue for erp.local
2025-11-03 01:19:29,604 ERROR scheduler Skipped queueing frappe.website.doctype.personal_data_deletion_request.personal_data_deletion_request.process_data_deletion_request because it was found in queue for erp.local
2025-11-03 01:19:29,605 ERROR scheduler Skipped queueing frappe.twofactor.delete_all_barcodes_for_users because it was found in queue for erp.local
2025-11-03 01:19:29,607 ERROR scheduler Skipped queueing erpnext.stock.reorder_item.reorder_item because it was found in queue for erp.local
2025-11-03 01:19:29,611 ERROR scheduler Skipped queueing frappe.core.doctype.prepared_report.prepared_report.expire_stalled_report because it was found in queue for erp.local
2025-11-03 01:19:29,616 ERROR scheduler Skipped queueing erpnext.projects.doctype.project.project.collect_project_status because it was found in queue for erp.local
2025-11-03 01:19:29,621 ERROR scheduler Skipped queueing erpnext.utilities.doctype.video.video.update_youtube_data because it was found in queue for erp.local
2025-11-03 01:19:29,622 ERROR scheduler Skipped queueing erpnext.projects.doctype.project.project.project_status_update_reminder because it was found in queue for erp.local
2025-11-03 01:19:29,624 ERROR scheduler Skipped queueing frappe.utils.global_search.sync_global_search because it was found in queue for erp.local
2025-11-03 01:19:29,628 ERROR scheduler Skipped queueing frappe.email.queue.flush because it was found in queue for erp.local
2025-11-03 01:19:29,632 ERROR scheduler Skipped queueing frappe.email.queue.retry_sending_emails because it was found in queue for erp.local
2025-11-03 01:19:29,634 ERROR scheduler Skipped queueing frappe.integrations.doctype.google_calendar.google_calendar.sync because it was found in queue for erp.local
2025-11-03 01:19:29,636 ERROR scheduler Skipped queueing erpnext.accounts.doctype.gl_entry.gl_entry.rename_gle_sle_docs because it was found in queue for erp.local
2025-11-03 01:19:29,638 ERROR scheduler Skipped queueing frappe.email.doctype.newsletter.newsletter.send_scheduled_email because it was found in queue for erp.local
2025-11-03 01:19:29,642 ERROR scheduler Skipped queueing erpnext.projects.doctype.project.project.hourly_reminder because it was found in queue for erp.local
2025-11-03 01:19:29,646 ERROR scheduler Skipped queueing frappe.automation.doctype.reminder.reminder.send_reminders because it was found in queue for erp.local
2025-11-03 01:19:29,648 ERROR scheduler Skipped queueing frappe.email.doctype.email_account.email_account.pull because it was found in queue for erp.local
2025-11-03 01:19:29,650 ERROR scheduler Skipped queueing erpnext.utilities.bulk_transaction.retry because it was found in queue for erp.local
2025-11-03 01:19:29,651 ERROR scheduler Skipped queueing frappe.website.doctype.web_page.web_page.check_publish_status because it was found in queue for erp.local
2025-11-03 01:19:29,653 ERROR scheduler Skipped queueing frappe.desk.form.document_follow.send_hourly_updates because it was found in queue for erp.local
2025-11-03 01:19:29,654 ERROR scheduler Skipped queueing erpnext.erpnext_integrations.doctype.plaid_settings.plaid_settings.automatic_synchronization because it was found in queue for erp.local
2025-11-03 01:20:24,690 ERROR scheduler Skipped queueing frappe.email.doctype.email_account.email_account.notify_unreplied because it was found in queue for erp.local
2025-11-03 01:20:24,693 ERROR scheduler Skipped queueing erpnext.utilities.doctype.video.video.update_youtube_data because it was found in queue for erp.local
2025-11-03 01:20:24,694 ERROR scheduler Skipped queueing erpnext.projects.doctype.project.project.project_status_update_reminder because it was found in queue for erp.local
2025-11-03 01:20:24,703 ERROR scheduler Skipped queueing erpnext.stock.reorder_item.reorder_item because it was found in queue for erp.local
2025-11-03 01:20:24,706 ERROR scheduler Skipped queueing erpnext.manufacturing.doctype.bom_update_log.bom_update_log.resume_bom_cost_update_jobs because it was found in queue for erp.local
2025-11-03 01:20:24,707 ERROR scheduler Skipped queueing frappe.automation.doctype.reminder.reminder.send_reminders because it was found in queue for erp.local
2025-11-03 01:20:24,708 ERROR scheduler Skipped queueing frappe.email.doctype.newsletter.newsletter.send_scheduled_email because it was found in queue for erp.local
2025-11-03 01:20:24,711 ERROR scheduler Skipped queueing frappe.core.doctype.prepared_report.prepared_report.expire_stalled_report because it was found in queue for erp.local
2025-11-03 01:20:24,713 ERROR scheduler Skipped queueing frappe.desk.form.document_follow.send_hourly_updates because it was found in queue for erp.local
2025-11-03 01:20:24,715 ERROR scheduler Skipped queueing erpnext.utilities.bulk_transaction.retry because it was found in queue for erp.local
2025-11-03 01:20:24,717 ERROR scheduler Skipped queueing erpnext.accounts.doctype.gl_entry.gl_entry.rename_gle_sle_docs because it was found in queue for erp.local
2025-11-03 01:20:24,721 ERROR scheduler Skipped queueing erpnext.erpnext_integrations.doctype.plaid_settings.plaid_settings.automatic_synchronization because it was found in queue for erp.local
2025-11-03 01:20:24,725 ERROR scheduler Skipped queueing frappe.oauth.delete_oauth2_data because it was found in queue for erp.local
2025-11-03 01:20:24,729 ERROR scheduler Skipped queueing frappe.twofactor.delete_all_barcodes_for_users because it was found in queue for erp.local
2025-11-03 01:20:24,730 ERROR scheduler Skipped queueing frappe.utils.global_search.sync_global_search because it was found in queue for erp.local
2025-11-03 01:20:24,733 ERROR scheduler Skipped queueing frappe.monitor.flush because it was found in queue for erp.local
2025-11-03 01:20:24,735 ERROR scheduler Skipped queueing erpnext.stock.doctype.repost_item_valuation.repost_item_valuation.repost_entries because it was found in queue for erp.local
2025-11-03 01:20:24,737 ERROR scheduler Skipped queueing frappe.email.queue.retry_sending_emails because it was found in queue for erp.local
2025-11-03 01:20:24,738 ERROR scheduler Skipped queueing frappe.integrations.doctype.google_calendar.google_calendar.sync because it was found in queue for erp.local
2025-11-03 01:20:24,740 ERROR scheduler Skipped queueing frappe.email.doctype.email_account.email_account.pull because it was found in queue for erp.local
2025-11-03 01:20:24,741 ERROR scheduler Skipped queueing frappe.deferred_insert.save_to_db because it was found in queue for erp.local
2025-11-03 01:20:24,742 ERROR scheduler Skipped queueing frappe.website.doctype.personal_data_deletion_request.personal_data_deletion_request.process_data_deletion_request because it was found in queue for erp.local
2025-11-03 01:20:24,744 ERROR scheduler Skipped queueing frappe.email.queue.flush because it was found in queue for erp.local
2025-11-03 01:20:24,745 ERROR scheduler Skipped queueing erpnext.projects.doctype.project.project.hourly_reminder because it was found in queue for erp.local
2025-11-03 01:20:24,746 ERROR scheduler Skipped queueing erpnext.projects.doctype.project.project.collect_project_status because it was found in queue for erp.local
2025-11-03 01:20:24,747 ERROR scheduler Skipped queueing frappe.desk.page.backups.backups.delete_downloadable_backups because it was found in queue for erp.local
2025-11-03 01:20:24,749 ERROR scheduler Skipped queueing frappe.website.doctype.web_page.web_page.check_publish_status because it was found in queue for erp.local
2025-11-03 01:20:24,750 ERROR scheduler Skipped queueing frappe.model.utils.link_count.update_link_count because it was found in queue for erp.local
2025-11-03 01:20:24,752 ERROR scheduler Skipped queueing frappe.model.utils.user_settings.sync_user_settings because it was found in queue for erp.local
