2025-11-02 21:01:56,786 Worker rq:worker:0e40b7f794bb4b788641c722284ae43e started with PID 3993, version 1.15.1
2025-11-02 21:01:56,786 Subscribing to channel rq:pubsub:0e40b7f794bb4b788641c722284ae43e
2025-11-02 21:01:56,788 *** Listening on home-dipdops_greno-csc:short, home-dipdops_greno-csc:default, home-dipdops_greno-csc:long...
2025-11-02 21:01:56,789 Cleaning registries for queue: home-dipdops_greno-csc:short
2025-11-02 21:01:56,790 Cleaning registries for queue: home-dipdops_greno-csc:default
2025-11-02 21:01:56,792 Cleaning registries for queue: home-dipdops_greno-csc:long
2025-11-02 21:08:19,476 Unsubscribing from channel rq:pubsub:0e40b7f794bb4b788641c722284ae43e
2025-11-02 23:54:56,402 Worker rq:worker:c911be2f6b4142d08f619624c5806728 started with PID 8971, version 1.15.1
2025-11-02 23:54:56,403 Subscribing to channel rq:pubsub:c911be2f6b4142d08f619624c5806728
2025-11-02 23:54:56,405 *** Listening on home-dipdops_greno-csc:short, home-dipdops_greno-csc:default, home-dipdops_greno-csc:long...
2025-11-02 23:54:56,406 Cleaning registries for queue: home-dipdops_greno-csc:short
2025-11-02 23:54:56,408 Cleaning registries for queue: home-dipdops_greno-csc:default
2025-11-02 23:54:56,410 Cleaning registries for queue: home-dipdops_greno-csc:long
2025-11-03 00:01:18,913 Unsubscribing from channel rq:pubsub:c911be2f6b4142d08f619624c5806728
2025-11-03 00:13:48,490 Worker rq:worker:6eb371e8791b4446a41016aef4612b7d started with PID 10463, version 1.15.1
2025-11-03 00:13:48,491 Subscribing to channel rq:pubsub:6eb371e8791b4446a41016aef4612b7d
2025-11-03 00:13:48,492 *** Listening on home-dipdops_greno-csc:short, home-dipdops_greno-csc:default, home-dipdops_greno-csc:long...
2025-11-03 00:13:48,493 Cleaning registries for queue: home-dipdops_greno-csc:short
2025-11-03 00:13:48,494 Cleaning registries for queue: home-dipdops_greno-csc:default
2025-11-03 00:13:48,496 Cleaning registries for queue: home-dipdops_greno-csc:long
2025-11-03 00:16:36,163 Worker 6eb371e8791b4446a41016aef4612b7d [PID 10463]: warm shut down requested
2025-11-03 00:17:16,239 Worker rq:worker:3742325c0e7b4e4496c255b23098a938 started with PID 10623, version 1.15.1
2025-11-03 00:17:16,239 Subscribing to channel rq:pubsub:3742325c0e7b4e4496c255b23098a938
2025-11-03 00:17:16,241 *** Listening on home-dipdops_greno-csc:short, home-dipdops_greno-csc:default, home-dipdops_greno-csc:long...
2025-11-03 00:18:39,271 Worker 3742325c0e7b4e4496c255b23098a938 [PID 10623]: warm shut down requested
2025-11-03 00:18:42,750 Worker rq:worker:c477e3996215408da5a02b3a1adac8e2 started with PID 10827, version 1.15.1
2025-11-03 00:18:42,751 Subscribing to channel rq:pubsub:c477e3996215408da5a02b3a1adac8e2
2025-11-03 00:18:42,752 *** Listening on home-dipdops_greno-csc:short, home-dipdops_greno-csc:default, home-dipdops_greno-csc:long...
2025-11-03 00:19:58,307 Worker c477e3996215408da5a02b3a1adac8e2 [PID 10827]: warm shut down requested
2025-11-03 00:19:58,310 Unsubscribing from channel rq:pubsub:c477e3996215408da5a02b3a1adac8e2
2025-11-03 00:20:01,265 Worker rq:worker:6a157c5c8a2041d98235d8b0703a8c73 started with PID 10957, version 1.15.1
2025-11-03 00:20:01,265 Subscribing to channel rq:pubsub:6a157c5c8a2041d98235d8b0703a8c73
2025-11-03 00:20:01,266 *** Listening on home-dipdops_greno-csc:short, home-dipdops_greno-csc:default, home-dipdops_greno-csc:long...
2025-11-03 00:21:41,345 home-dipdops_greno-csc:default: frappe.utils.background_jobs.execute_job(event=None, is_async=True, job_name='frappe.core.doctype.user.user.create_contact', kwargs={'user': <User: naufalnadhif737900@gmail.com>, 'ignore_mandatory': True}, method='frappe.core.doctype.user.user.create_contact', site='csc.localhost', user='Administrator') (csc.localhost::5eca5f0e-86c1-4309-ab4b-50ed04fd308b)
2025-11-03 00:21:44,260 home-dipdops_greno-csc:default: Job OK (csc.localhost::5eca5f0e-86c1-4309-ab4b-50ed04fd308b)
2025-11-03 00:21:44,260 Result is kept for 600 seconds
2025-11-03 00:21:44,265 home-dipdops_greno-csc:default: frappe.utils.background_jobs.execute_job(event=None, is_async=True, job_name='frappe.core.doctype.user.user.update_gravatar', kwargs={'name': 'naufalnadhif737900@gmail.com'}, method='frappe.core.doctype.user.user.update_gravatar', site='csc.localhost', user='Administrator') (csc.localhost::ad35872a-dc77-4ba9-ae26-9b49b1b7cb9f)
2025-11-03 00:21:45,750 home-dipdops_greno-csc:default: Job OK (csc.localhost::ad35872a-dc77-4ba9-ae26-9b49b1b7cb9f)
2025-11-03 00:21:45,750 Result is kept for 600 seconds
2025-11-03 00:21:52,012 home-dipdops_greno-csc:long: frappe.utils.background_jobs.execute_job(event=None, is_async=True, job_name='frappe.core.doctype.scheduled_job_type.scheduled_job_type.run_scheduled_jo..., kwargs={'job_type': 'frappe.integrations.doctype.google_contacts.google_contacts.s..., method='frappe.core.doctype.scheduled_job_type.scheduled_job_type.run_scheduled_jo..., site='csc.localhost', user='Administrator') (csc.localhost::scheduled_job::frappe.integrations.doctype.google_contacts.google_contacts.sync)
2025-11-03 00:21:52,439 home-dipdops_greno-csc:long: Job OK (csc.localhost::scheduled_job::frappe.integrations.doctype.google_contacts.google_contacts.sync)
2025-11-03 00:21:52,439 Result is kept for 600 seconds
2025-11-03 00:21:52,442 home-dipdops_greno-csc:default: frappe.utils.background_jobs.execute_job(event=None, is_async=True, job_name='frappe.core.doctype.scheduled_job_type.scheduled_job_type.run_scheduled_jo..., kwargs={'job_type': 'frappe.email.queue.retry_sending_emails'}, method='frappe.core.doctype.scheduled_job_type.scheduled_job_type.run_scheduled_jo..., site='csc.localhost', user='Administrator') (csc.localhost::scheduled_job::frappe.email.queue.retry_sending_emails)
2025-11-03 00:21:52,673 home-dipdops_greno-csc:default: Job OK (csc.localhost::scheduled_job::frappe.email.queue.retry_sending_emails)
2025-11-03 00:21:52,673 Result is kept for 600 seconds
2025-11-03 00:21:52,676 home-dipdops_greno-csc:default: frappe.utils.background_jobs.execute_job(event=None, is_async=True, job_name='frappe.core.doctype.scheduled_job_type.scheduled_job_type.run_scheduled_jo..., kwargs={'job_type': 'frappe.desk.form.document_follow.send_daily_updates'}, method='frappe.core.doctype.scheduled_job_type.scheduled_job_type.run_scheduled_jo..., site='csc.localhost', user='Administrator') (csc.localhost::scheduled_job::frappe.desk.form.document_follow.send_daily_updates)
2025-11-03 00:21:52,934 home-dipdops_greno-csc:default: Job OK (csc.localhost::scheduled_job::frappe.desk.form.document_follow.send_daily_updates)
2025-11-03 00:21:52,934 Result is kept for 600 seconds
2025-11-03 00:21:52,938 home-dipdops_greno-csc:default: frappe.utils.background_jobs.execute_job(event=None, is_async=True, job_name='frappe.core.doctype.scheduled_job_type.scheduled_job_type.run_scheduled_jo..., kwargs={'job_type': 'frappe.automation.doctype.reminder.reminder.send_reminders'}, method='frappe.core.doctype.scheduled_job_type.scheduled_job_type.run_scheduled_jo..., site='csc.localhost', user='Administrator') (csc.localhost::scheduled_job::frappe.automation.doctype.reminder.reminder.send_reminders)
2025-11-03 00:21:53,202 home-dipdops_greno-csc:default: Job OK (csc.localhost::scheduled_job::frappe.automation.doctype.reminder.reminder.send_reminders)
2025-11-03 00:21:53,202 Result is kept for 600 seconds
2025-11-03 00:21:53,206 home-dipdops_greno-csc:default: frappe.utils.background_jobs.execute_job(event=None, is_async=True, job_name='frappe.core.doctype.scheduled_job_type.scheduled_job_type.run_scheduled_jo..., kwargs={'job_type': 'frappe.integrations.doctype.google_calendar.google_calendar.s..., method='frappe.core.doctype.scheduled_job_type.scheduled_job_type.run_scheduled_jo..., site='csc.localhost', user='Administrator') (csc.localhost::scheduled_job::frappe.integrations.doctype.google_calendar.google_calendar.sync)
2025-11-03 00:21:53,566 home-dipdops_greno-csc:default: Job OK (csc.localhost::scheduled_job::frappe.integrations.doctype.google_calendar.google_calendar.sync)
2025-11-03 00:21:53,566 Result is kept for 600 seconds
2025-11-03 00:21:53,570 home-dipdops_greno-csc:default: frappe.utils.background_jobs.execute_job(event=None, is_async=True, job_name='frappe.core.doctype.scheduled_job_type.scheduled_job_type.run_scheduled_jo..., kwargs={'job_type': 'frappe.email.doctype.email_account.email_account.pull'}, method='frappe.core.doctype.scheduled_job_type.scheduled_job_type.run_scheduled_jo..., site='csc.localhost', user='Administrator') (csc.localhost::scheduled_job::frappe.email.doctype.email_account.email_account.pull)
2025-11-03 00:21:53,839 home-dipdops_greno-csc:default: Job OK (csc.localhost::scheduled_job::frappe.email.doctype.email_account.email_account.pull)
2025-11-03 00:21:53,840 Result is kept for 600 seconds
2025-11-03 00:21:53,843 home-dipdops_greno-csc:default: frappe.utils.background_jobs.execute_job(event=None, is_async=True, job_name='frappe.core.doctype.scheduled_job_type.scheduled_job_type.run_scheduled_jo..., kwargs={'job_type': 'frappe.email.doctype.email_account.email_account.notify_unrep..., method='frappe.core.doctype.scheduled_job_type.scheduled_job_type.run_scheduled_jo..., site='csc.localhost', user='Administrator') (csc.localhost::scheduled_job::frappe.email.doctype.email_account.email_account.notify_unreplied)
2025-11-03 00:21:54,127 home-dipdops_greno-csc:default: Job OK (csc.localhost::scheduled_job::frappe.email.doctype.email_account.email_account.notify_unreplied)
2025-11-03 00:21:54,127 Result is kept for 600 seconds
2025-11-03 00:21:54,130 home-dipdops_greno-csc:default: frappe.utils.background_jobs.execute_job(event=None, is_async=True, job_name='frappe.core.doctype.scheduled_job_type.scheduled_job_type.run_scheduled_jo..., kwargs={'job_type': 'frappe.search.sqlite_search.build_index_if_not_exists'}, method='frappe.core.doctype.scheduled_job_type.scheduled_job_type.run_scheduled_jo..., site='csc.localhost', user='Administrator') (csc.localhost::scheduled_job::frappe.search.sqlite_search.build_index_if_not_exists)
2025-11-03 00:21:54,379 home-dipdops_greno-csc:default: Job OK (csc.localhost::scheduled_job::frappe.search.sqlite_search.build_index_if_not_exists)
2025-11-03 00:21:54,379 Result is kept for 600 seconds
2025-11-03 00:21:54,383 home-dipdops_greno-csc:default: frappe.utils.background_jobs.execute_job(event=None, is_async=True, job_name='frappe.core.doctype.scheduled_job_type.scheduled_job_type.run_scheduled_jo..., kwargs={'job_type': 'frappe.desk.doctype.event.event.send_event_digest'}, method='frappe.core.doctype.scheduled_job_type.scheduled_job_type.run_scheduled_jo..., site='csc.localhost', user='Administrator') (csc.localhost::scheduled_job::frappe.desk.doctype.event.event.send_event_digest)
2025-11-03 00:21:54,633 home-dipdops_greno-csc:default: Job OK (csc.localhost::scheduled_job::frappe.desk.doctype.event.event.send_event_digest)
2025-11-03 00:21:54,633 Result is kept for 600 seconds
2025-11-03 00:21:54,637 home-dipdops_greno-csc:default: frappe.utils.background_jobs.execute_job(event=None, is_async=True, job_name='frappe.core.doctype.scheduled_job_type.scheduled_job_type.run_scheduled_jo..., kwargs={'job_type': 'frappe.email.doctype.newsletter.newsletter.send_scheduled_ema..., method='frappe.core.doctype.scheduled_job_type.scheduled_job_type.run_scheduled_jo..., site='csc.localhost', user='Administrator') (csc.localhost::scheduled_job::frappe.email.doctype.newsletter.newsletter.send_scheduled_email)
2025-11-03 00:21:54,918 home-dipdops_greno-csc:default: Job OK (csc.localhost::scheduled_job::frappe.email.doctype.newsletter.newsletter.send_scheduled_email)
2025-11-03 00:21:54,918 Result is kept for 600 seconds
2025-11-03 00:21:54,921 home-dipdops_greno-csc:default: frappe.utils.background_jobs.execute_job(event=None, is_async=True, job_name='frappe.core.doctype.scheduled_job_type.scheduled_job_type.run_scheduled_jo..., kwargs={'job_type': 'frappe.email.doctype.notification.notification.trigger_daily_..., method='frappe.core.doctype.scheduled_job_type.scheduled_job_type.run_scheduled_jo..., site='csc.localhost', user='Administrator') (csc.localhost::scheduled_job::frappe.email.doctype.notification.notification.trigger_daily_alerts)
2025-11-03 00:21:55,177 home-dipdops_greno-csc:default: Job OK (csc.localhost::scheduled_job::frappe.email.doctype.notification.notification.trigger_daily_alerts)
2025-11-03 00:21:55,178 Result is kept for 600 seconds
2025-11-03 00:21:55,181 home-dipdops_greno-csc:default: frappe.utils.background_jobs.execute_job(event=None, is_async=True, job_name='frappe.core.doctype.scheduled_job_type.scheduled_job_type.run_scheduled_jo..., kwargs={'job_type': 'frappe.deferred_insert.save_to_db'}, method='frappe.core.doctype.scheduled_job_type.scheduled_job_type.run_scheduled_jo..., site='csc.localhost', user='Administrator') (csc.localhost::scheduled_job::frappe.deferred_insert.save_to_db)
2025-11-03 00:21:55,445 home-dipdops_greno-csc:default: Job OK (csc.localhost::scheduled_job::frappe.deferred_insert.save_to_db)
2025-11-03 00:21:55,445 Result is kept for 600 seconds
2025-11-03 00:21:55,449 home-dipdops_greno-csc:default: frappe.utils.background_jobs.execute_job(event=None, is_async=True, job_name='frappe.core.doctype.scheduled_job_type.scheduled_job_type.run_scheduled_jo..., kwargs={'job_type': 'frappe.pulse.client.send_queued_events'}, method='frappe.core.doctype.scheduled_job_type.scheduled_job_type.run_scheduled_jo..., site='csc.localhost', user='Administrator') (csc.localhost::scheduled_job::frappe.pulse.client.send_queued_events)
2025-11-03 00:21:55,705 home-dipdops_greno-csc:default: Job OK (csc.localhost::scheduled_job::frappe.pulse.client.send_queued_events)
2025-11-03 00:21:55,705 Result is kept for 600 seconds
2025-11-03 00:21:55,709 home-dipdops_greno-csc:default: frappe.utils.background_jobs.execute_job(event=None, is_async=True, job_name='frappe.core.doctype.scheduled_job_type.scheduled_job_type.run_scheduled_jo..., kwargs={'job_type': 'frappe.email.queue.flush'}, method='frappe.core.doctype.scheduled_job_type.scheduled_job_type.run_scheduled_jo..., site='csc.localhost', user='Administrator') (csc.localhost::scheduled_job::frappe.email.queue.flush)
2025-11-03 00:21:56,026 home-dipdops_greno-csc:default: Job OK (csc.localhost::scheduled_job::frappe.email.queue.flush)
2025-11-03 00:21:56,027 Result is kept for 600 seconds
2025-11-03 00:21:56,033 home-dipdops_greno-csc:default: frappe.utils.background_jobs.execute_job(event=None, is_async=True, job_name='frappe.core.doctype.scheduled_job_type.scheduled_job_type.run_scheduled_jo..., kwargs={'job_type': 'frappe.monitor.flush'}, method='frappe.core.doctype.scheduled_job_type.scheduled_job_type.run_scheduled_jo..., site='csc.localhost', user='Administrator') (csc.localhost::scheduled_job::frappe.monitor.flush)
2025-11-03 00:21:56,228 home-dipdops_greno-csc:default: Job OK (csc.localhost::scheduled_job::frappe.monitor.flush)
2025-11-03 00:21:56,228 Result is kept for 600 seconds
2025-11-03 00:21:56,232 home-dipdops_greno-csc:default: frappe.utils.background_jobs.execute_job(event=None, is_async=True, job_name='frappe.core.doctype.scheduled_job_type.scheduled_job_type.run_scheduled_jo..., kwargs={'job_type': 'frappe.model.utils.link_count.update_link_count'}, method='frappe.core.doctype.scheduled_job_type.scheduled_job_type.run_scheduled_jo..., site='csc.localhost', user='Administrator') (csc.localhost::scheduled_job::frappe.model.utils.link_count.update_link_count)
2025-11-03 00:21:56,481 home-dipdops_greno-csc:default: Job OK (csc.localhost::scheduled_job::frappe.model.utils.link_count.update_link_count)
2025-11-03 00:21:56,481 Result is kept for 600 seconds
2025-11-03 00:21:56,484 home-dipdops_greno-csc:default: frappe.utils.background_jobs.execute_job(event=None, is_async=True, job_name='frappe.core.doctype.scheduled_job_type.scheduled_job_type.run_scheduled_jo..., kwargs={'job_type': 'frappe.utils.global_search.sync_global_search'}, method='frappe.core.doctype.scheduled_job_type.scheduled_job_type.run_scheduled_jo..., site='csc.localhost', user='Administrator') (csc.localhost::scheduled_job::frappe.utils.global_search.sync_global_search)
2025-11-03 00:21:56,732 home-dipdops_greno-csc:default: Job OK (csc.localhost::scheduled_job::frappe.utils.global_search.sync_global_search)
2025-11-03 00:21:56,732 Result is kept for 600 seconds
2025-11-03 00:21:56,735 home-dipdops_greno-csc:long: frappe.utils.background_jobs.execute_job(event=None, is_async=True, job_name='frappe.core.doctype.scheduled_job_type.scheduled_job_type.run_scheduled_jo..., kwargs={'job_type': 'frappe.integrations.doctype.dropbox_settings.dropbox_settings..., method='frappe.core.doctype.scheduled_job_type.scheduled_job_type.run_scheduled_jo..., site='csc.localhost', user='Administrator') (csc.localhost::scheduled_job::frappe.integrations.doctype.dropbox_settings.dropbox_settings.take_backups_daily)
2025-11-03 00:21:57,063 home-dipdops_greno-csc:long: Job OK (csc.localhost::scheduled_job::frappe.integrations.doctype.dropbox_settings.dropbox_settings.take_backups_daily)
2025-11-03 00:21:57,063 Result is kept for 600 seconds
2025-11-03 00:21:57,067 home-dipdops_greno-csc:long: frappe.utils.background_jobs.execute_job(event=None, is_async=True, job_name='frappe.core.doctype.scheduled_job_type.scheduled_job_type.run_scheduled_jo..., kwargs={'job_type': 'frappe.desk.form.document_follow.send_hourly_updates'}, method='frappe.core.doctype.scheduled_job_type.scheduled_job_type.run_scheduled_jo..., site='csc.localhost', user='Administrator') (csc.localhost::scheduled_job::frappe.desk.form.document_follow.send_hourly_updates)
2025-11-03 00:21:57,325 home-dipdops_greno-csc:long: Job OK (csc.localhost::scheduled_job::frappe.desk.form.document_follow.send_hourly_updates)
2025-11-03 00:21:57,325 Result is kept for 600 seconds
2025-11-03 00:21:57,329 home-dipdops_greno-csc:long: frappe.utils.background_jobs.execute_job(event=None, is_async=True, job_name='frappe.core.doctype.scheduled_job_type.scheduled_job_type.run_scheduled_jo..., kwargs={'job_type': 'frappe.twofactor.delete_all_barcodes_for_users'}, method='frappe.core.doctype.scheduled_job_type.scheduled_job_type.run_scheduled_jo..., site='csc.localhost', user='Administrator') (csc.localhost::scheduled_job::frappe.twofactor.delete_all_barcodes_for_users)
2025-11-03 00:21:57,577 home-dipdops_greno-csc:long: Job OK (csc.localhost::scheduled_job::frappe.twofactor.delete_all_barcodes_for_users)
2025-11-03 00:21:57,577 Result is kept for 600 seconds
2025-11-03 00:21:57,581 home-dipdops_greno-csc:long: frappe.utils.background_jobs.execute_job(event=None, is_async=True, job_name='frappe.core.doctype.scheduled_job_type.scheduled_job_type.run_scheduled_jo..., kwargs={'job_type': 'frappe.website.doctype.personal_data_deletion_request.persona..., method='frappe.core.doctype.scheduled_job_type.scheduled_job_type.run_scheduled_jo..., site='csc.localhost', user='Administrator') (csc.localhost::scheduled_job::frappe.website.doctype.personal_data_deletion_request.personal_data_deletion_request.process_data_deletion_request)
2025-11-03 00:21:57,880 home-dipdops_greno-csc:long: Job OK (csc.localhost::scheduled_job::frappe.website.doctype.personal_data_deletion_request.personal_data_deletion_request.process_data_deletion_request)
2025-11-03 00:21:57,880 Result is kept for 600 seconds
2025-11-03 00:21:57,885 home-dipdops_greno-csc:long: frappe.utils.background_jobs.execute_job(event=None, is_async=True, job_name='frappe.core.doctype.scheduled_job_type.scheduled_job_type.run_scheduled_jo..., kwargs={'job_type': 'frappe.website.doctype.web_page.web_page.check_publish_status..., method='frappe.core.doctype.scheduled_job_type.scheduled_job_type.run_scheduled_jo..., site='csc.localhost', user='Administrator') (csc.localhost::scheduled_job::frappe.website.doctype.web_page.web_page.check_publish_status)
2025-11-03 00:21:58,158 home-dipdops_greno-csc:long: Job OK (csc.localhost::scheduled_job::frappe.website.doctype.web_page.web_page.check_publish_status)
2025-11-03 00:21:58,158 Result is kept for 600 seconds
2025-11-03 00:21:58,162 home-dipdops_greno-csc:long: frappe.utils.background_jobs.execute_job(event=None, is_async=True, job_name='frappe.core.doctype.scheduled_job_type.scheduled_job_type.run_scheduled_jo..., kwargs={'job_type': 'frappe.desk.utils.delete_old_exported_report_files'}, method='frappe.core.doctype.scheduled_job_type.scheduled_job_type.run_scheduled_jo..., site='csc.localhost', user='Administrator') (csc.localhost::scheduled_job::frappe.desk.utils.delete_old_exported_report_files)
2025-11-03 00:21:58,419 home-dipdops_greno-csc:long: Job OK (csc.localhost::scheduled_job::frappe.desk.utils.delete_old_exported_report_files)
2025-11-03 00:21:58,419 Result is kept for 600 seconds
2025-11-03 00:21:58,424 home-dipdops_greno-csc:long: frappe.utils.background_jobs.execute_job(event=None, is_async=True, job_name='frappe.core.doctype.scheduled_job_type.scheduled_job_type.run_scheduled_jo..., kwargs={'job_type': 'frappe.integrations.doctype.s3_backup_settings.s3_backup_sett..., method='frappe.core.doctype.scheduled_job_type.scheduled_job_type.run_scheduled_jo..., site='csc.localhost', user='Administrator') (csc.localhost::scheduled_job::frappe.integrations.doctype.s3_backup_settings.s3_backup_settings.take_backups_daily)
2025-11-03 00:21:58,716 home-dipdops_greno-csc:long: Job OK (csc.localhost::scheduled_job::frappe.integrations.doctype.s3_backup_settings.s3_backup_settings.take_backups_daily)
2025-11-03 00:21:58,716 Result is kept for 600 seconds
2025-11-03 00:21:58,720 home-dipdops_greno-csc:long: frappe.utils.background_jobs.execute_job(event=None, is_async=True, job_name='frappe.core.doctype.scheduled_job_type.scheduled_job_type.run_scheduled_jo..., kwargs={'job_type': 'frappe.core.doctype.user_invitation.user_invitation.mark_expi..., method='frappe.core.doctype.scheduled_job_type.scheduled_job_type.run_scheduled_jo..., site='csc.localhost', user='Administrator') (csc.localhost::scheduled_job::frappe.core.doctype.user_invitation.user_invitation.mark_expired_invitations)
2025-11-03 00:21:58,989 home-dipdops_greno-csc:long: Job OK (csc.localhost::scheduled_job::frappe.core.doctype.user_invitation.user_invitation.mark_expired_invitations)
2025-11-03 00:21:58,989 Result is kept for 600 seconds
2025-11-03 00:21:58,993 home-dipdops_greno-csc:long: frappe.utils.background_jobs.execute_job(event=None, is_async=True, job_name='frappe.core.doctype.scheduled_job_type.scheduled_job_type.run_scheduled_jo..., kwargs={'job_type': 'frappe.integrations.doctype.google_drive.google_drive.daily_b..., method='frappe.core.doctype.scheduled_job_type.scheduled_job_type.run_scheduled_jo..., site='csc.localhost', user='Administrator') (csc.localhost::scheduled_job::frappe.integrations.doctype.google_drive.google_drive.daily_backup)
2025-11-03 00:21:59,363 home-dipdops_greno-csc:long: Job OK (csc.localhost::scheduled_job::frappe.integrations.doctype.google_drive.google_drive.daily_backup)
2025-11-03 00:21:59,363 Result is kept for 600 seconds
2025-11-03 00:21:59,366 home-dipdops_greno-csc:long: frappe.utils.background_jobs.execute_job(event=None, is_async=True, job_name='frappe.core.doctype.scheduled_job_type.scheduled_job_type.run_scheduled_jo..., kwargs={'job_type': 'frappe.website.doctype.personal_data_deletion_request.persona..., method='frappe.core.doctype.scheduled_job_type.scheduled_job_type.run_scheduled_jo..., site='csc.localhost', user='Administrator') (csc.localhost::scheduled_job::frappe.website.doctype.personal_data_deletion_request.personal_data_deletion_request.remove_unverified_record)
2025-11-03 00:21:59,633 home-dipdops_greno-csc:long: Job OK (csc.localhost::scheduled_job::frappe.website.doctype.personal_data_deletion_request.personal_data_deletion_request.remove_unverified_record)
2025-11-03 00:21:59,633 Result is kept for 600 seconds
2025-11-03 00:21:59,636 home-dipdops_greno-csc:long: frappe.utils.background_jobs.execute_job(event=None, is_async=True, job_name='frappe.core.doctype.scheduled_job_type.scheduled_job_type.run_scheduled_jo..., kwargs={'job_type': 'frappe.model.utils.user_settings.sync_user_settings'}, method='frappe.core.doctype.scheduled_job_type.scheduled_job_type.run_scheduled_jo..., site='csc.localhost', user='Administrator') (csc.localhost::scheduled_job::frappe.model.utils.user_settings.sync_user_settings)
2025-11-03 00:21:59,913 home-dipdops_greno-csc:long: Job OK (csc.localhost::scheduled_job::frappe.model.utils.user_settings.sync_user_settings)
2025-11-03 00:21:59,913 Result is kept for 600 seconds
2025-11-03 00:21:59,920 home-dipdops_greno-csc:long: frappe.utils.background_jobs.execute_job(event=None, is_async=True, job_name='frappe.core.doctype.scheduled_job_type.scheduled_job_type.run_scheduled_jo..., kwargs={'job_type': 'frappe.desk.page.backups.backups.delete_downloadable_backups'..., method='frappe.core.doctype.scheduled_job_type.scheduled_job_type.run_scheduled_jo..., site='csc.localhost', user='Administrator') (csc.localhost::scheduled_job::frappe.desk.page.backups.backups.delete_downloadable_backups)
2025-11-03 00:22:00,170 home-dipdops_greno-csc:long: Job OK (csc.localhost::scheduled_job::frappe.desk.page.backups.backups.delete_downloadable_backups)
2025-11-03 00:22:00,170 Result is kept for 600 seconds
2025-11-03 00:22:00,174 home-dipdops_greno-csc:long: frappe.utils.background_jobs.execute_job(event=None, is_async=True, job_name='frappe.core.doctype.scheduled_job_type.scheduled_job_type.run_scheduled_jo..., kwargs={'job_type': 'frappe.core.doctype.log_settings.log_settings.run_log_clean_u..., method='frappe.core.doctype.scheduled_job_type.scheduled_job_type.run_scheduled_jo..., site='csc.localhost', user='Administrator') (csc.localhost::scheduled_job::frappe.core.doctype.log_settings.log_settings.run_log_clean_up)
2025-11-03 00:22:00,592 home-dipdops_greno-csc:long: Job OK (csc.localhost::scheduled_job::frappe.core.doctype.log_settings.log_settings.run_log_clean_up)
2025-11-03 00:22:00,592 Result is kept for 600 seconds
2025-11-03 00:22:00,595 home-dipdops_greno-csc:long: frappe.utils.background_jobs.execute_job(event=None, is_async=True, job_name='frappe.core.doctype.scheduled_job_type.scheduled_job_type.run_scheduled_jo..., kwargs={'job_type': 'frappe.core.doctype.prepared_report.prepared_report.expire_st..., method='frappe.core.doctype.scheduled_job_type.scheduled_job_type.run_scheduled_jo..., site='csc.localhost', user='Administrator') (csc.localhost::scheduled_job::frappe.core.doctype.prepared_report.prepared_report.expire_stalled_report)
2025-11-03 00:22:00,837 home-dipdops_greno-csc:long: Job OK (csc.localhost::scheduled_job::frappe.core.doctype.prepared_report.prepared_report.expire_stalled_report)
2025-11-03 00:22:00,837 Result is kept for 600 seconds
2025-11-03 00:22:00,841 home-dipdops_greno-csc:long: frappe.utils.background_jobs.execute_job(event=None, is_async=True, job_name='frappe.core.doctype.scheduled_job_type.scheduled_job_type.run_scheduled_jo..., kwargs={'job_type': 'frappe.sessions.clear_expired_sessions'}, method='frappe.core.doctype.scheduled_job_type.scheduled_job_type.run_scheduled_jo..., site='csc.localhost', user='Administrator') (csc.localhost::scheduled_job::frappe.sessions.clear_expired_sessions)
2025-11-03 00:22:01,096 home-dipdops_greno-csc:long: Job OK (csc.localhost::scheduled_job::frappe.sessions.clear_expired_sessions)
2025-11-03 00:22:01,096 Result is kept for 600 seconds
2025-11-03 00:22:01,099 home-dipdops_greno-csc:long: frappe.utils.background_jobs.execute_job(event=None, is_async=True, job_name='frappe.core.doctype.scheduled_job_type.scheduled_job_type.run_scheduled_jo..., kwargs={'job_type': 'frappe.email.doctype.auto_email_report.auto_email_report.send..., method='frappe.core.doctype.scheduled_job_type.scheduled_job_type.run_scheduled_jo..., site='csc.localhost', user='Administrator') (csc.localhost::scheduled_job::frappe.email.doctype.auto_email_report.auto_email_report.send_daily)
2025-11-03 00:22:01,434 home-dipdops_greno-csc:long: Job OK (csc.localhost::scheduled_job::frappe.email.doctype.auto_email_report.auto_email_report.send_daily)
2025-11-03 00:22:01,434 Result is kept for 600 seconds
2025-11-03 00:22:01,440 home-dipdops_greno-csc:long: frappe.utils.background_jobs.execute_job(event=None, is_async=True, job_name='frappe.core.doctype.scheduled_job_type.scheduled_job_type.run_scheduled_jo..., kwargs={'job_type': 'frappe.social.doctype.energy_point_settings.energy_point_sett..., method='frappe.core.doctype.scheduled_job_type.scheduled_job_type.run_scheduled_jo..., site='csc.localhost', user='Administrator') (csc.localhost::scheduled_job::frappe.social.doctype.energy_point_settings.energy_point_settings.allocate_review_points)
2025-11-03 00:22:01,739 home-dipdops_greno-csc:long: Job OK (csc.localhost::scheduled_job::frappe.social.doctype.energy_point_settings.energy_point_settings.allocate_review_points)
2025-11-03 00:22:01,739 Result is kept for 600 seconds
2025-11-03 00:22:01,743 home-dipdops_greno-csc:long: frappe.utils.background_jobs.execute_job(event=None, is_async=True, job_name='frappe.core.doctype.scheduled_job_type.scheduled_job_type.run_scheduled_jo..., kwargs={'job_type': 'frappe.desk.notifications.clear_notifications'}, method='frappe.core.doctype.scheduled_job_type.scheduled_job_type.run_scheduled_jo..., site='csc.localhost', user='Administrator') (csc.localhost::scheduled_job::frappe.desk.notifications.clear_notifications)
2025-11-03 00:22:01,984 home-dipdops_greno-csc:long: Job OK (csc.localhost::scheduled_job::frappe.desk.notifications.clear_notifications)
2025-11-03 00:22:01,985 Result is kept for 600 seconds
2025-11-03 00:22:01,988 home-dipdops_greno-csc:long: frappe.utils.background_jobs.execute_job(event=None, is_async=True, job_name='frappe.core.doctype.scheduled_job_type.scheduled_job_type.run_scheduled_jo..., kwargs={'job_type': 'frappe.automation.doctype.auto_repeat.auto_repeat.make_auto_r..., method='frappe.core.doctype.scheduled_job_type.scheduled_job_type.run_scheduled_jo..., site='csc.localhost', user='Administrator') (csc.localhost::scheduled_job::frappe.automation.doctype.auto_repeat.auto_repeat.make_auto_repeat_entry)
2025-11-03 00:22:02,347 home-dipdops_greno-csc:long: Job OK (csc.localhost::scheduled_job::frappe.automation.doctype.auto_repeat.auto_repeat.make_auto_repeat_entry)
2025-11-03 00:22:02,347 Result is kept for 600 seconds
2025-11-03 00:22:02,352 home-dipdops_greno-csc:long: frappe.utils.background_jobs.execute_job(event=None, is_async=True, job_name='frappe.core.doctype.scheduled_job_type.scheduled_job_type.run_scheduled_jo..., kwargs={'job_type': 'frappe.oauth.delete_oauth2_data'}, method='frappe.core.doctype.scheduled_job_type.scheduled_job_type.run_scheduled_jo..., site='csc.localhost', user='Administrator') (csc.localhost::scheduled_job::frappe.oauth.delete_oauth2_data)
2025-11-03 00:22:02,612 home-dipdops_greno-csc:long: Job OK (csc.localhost::scheduled_job::frappe.oauth.delete_oauth2_data)
2025-11-03 00:22:02,612 Result is kept for 600 seconds
2025-11-03 00:22:02,615 home-dipdops_greno-csc:long: frappe.utils.background_jobs.execute_job(event=None, is_async=True, job_name='frappe.automation.doctype.auto_repeat.auto_repeat.create_repeated_entries', kwargs={'data': []}, method='frappe.automation.doctype.auto_repeat.auto_repeat.create_repeated_entries', site='csc.localhost', user='Administrator') (csc.localhost::67710e88-1bed-4adc-8ed7-b3baa8ad17d0)
2025-11-03 00:22:02,878 home-dipdops_greno-csc:long: Job OK (csc.localhost::67710e88-1bed-4adc-8ed7-b3baa8ad17d0)
2025-11-03 00:22:02,878 Result is kept for 600 seconds
2025-11-03 00:24:39,750 home-dipdops_greno-csc:default: frappe.utils.background_jobs.execute_job(event=None, is_async=True, job_name='frappe.core.doctype.scheduled_job_type.scheduled_job_type.run_scheduled_jo..., kwargs={'job_type': 'frappe.monitor.flush'}, method='frappe.core.doctype.scheduled_job_type.scheduled_job_type.run_scheduled_jo..., site='csc.localhost', user='Administrator') (csc.localhost::scheduled_job::frappe.monitor.flush)
2025-11-03 00:24:39,966 home-dipdops_greno-csc:default: Job OK (csc.localhost::scheduled_job::frappe.monitor.flush)
2025-11-03 00:24:39,966 Result is kept for 600 seconds
2025-11-03 00:24:39,969 home-dipdops_greno-csc:default: frappe.utils.background_jobs.execute_job(event=None, is_async=True, job_name='frappe.core.doctype.scheduled_job_type.scheduled_job_type.run_scheduled_jo..., kwargs={'job_type': 'frappe.email.queue.flush'}, method='frappe.core.doctype.scheduled_job_type.scheduled_job_type.run_scheduled_jo..., site='csc.localhost', user='Administrator') (csc.localhost::scheduled_job::frappe.email.queue.flush)
2025-11-03 00:24:40,241 home-dipdops_greno-csc:default: Job OK (csc.localhost::scheduled_job::frappe.email.queue.flush)
2025-11-03 00:24:40,241 Result is kept for 600 seconds
2025-11-03 00:24:40,245 home-dipdops_greno-csc:default: frappe.utils.background_jobs.execute_job(event=None, is_async=True, job_name='frappe.core.doctype.scheduled_job_type.scheduled_job_type.run_scheduled_jo..., kwargs={'job_type': 'frappe.email.queue.retry_sending_emails'}, method='frappe.core.doctype.scheduled_job_type.scheduled_job_type.run_scheduled_jo..., site='csc.localhost', user='Administrator') (csc.localhost::scheduled_job::frappe.email.queue.retry_sending_emails)
2025-11-03 00:24:40,448 home-dipdops_greno-csc:default: Job OK (csc.localhost::scheduled_job::frappe.email.queue.retry_sending_emails)
2025-11-03 00:24:40,448 Result is kept for 600 seconds
2025-11-03 00:24:40,451 home-dipdops_greno-csc:default: frappe.utils.background_jobs.execute_job(event=None, is_async=True, job_name='frappe.core.doctype.scheduled_job_type.scheduled_job_type.run_scheduled_jo..., kwargs={'job_type': 'frappe.integrations.doctype.google_calendar.google_calendar.s..., method='frappe.core.doctype.scheduled_job_type.scheduled_job_type.run_scheduled_jo..., site='csc.localhost', user='Administrator') (csc.localhost::scheduled_job::frappe.integrations.doctype.google_calendar.google_calendar.sync)
2025-11-03 00:24:40,772 home-dipdops_greno-csc:default: Job OK (csc.localhost::scheduled_job::frappe.integrations.doctype.google_calendar.google_calendar.sync)
2025-11-03 00:24:40,772 Result is kept for 600 seconds
2025-11-03 00:28:20,019 home-dipdops_greno-csc:default: frappe.utils.background_jobs.execute_job(event=None, is_async=True, job_name='frappe.core.doctype.scheduled_job_type.scheduled_job_type.run_scheduled_jo..., kwargs={'job_type': 'frappe.integrations.doctype.google_calendar.google_calendar.s..., method='frappe.core.doctype.scheduled_job_type.scheduled_job_type.run_scheduled_jo..., site='csc.localhost', user='Administrator') (csc.localhost::scheduled_job::frappe.integrations.doctype.google_calendar.google_calendar.sync)
2025-11-03 00:28:20,360 home-dipdops_greno-csc:default: Job OK (csc.localhost::scheduled_job::frappe.integrations.doctype.google_calendar.google_calendar.sync)
2025-11-03 00:28:20,360 Result is kept for 600 seconds
2025-11-03 00:28:20,364 home-dipdops_greno-csc:default: frappe.utils.background_jobs.execute_job(event=None, is_async=True, job_name='frappe.core.doctype.scheduled_job_type.scheduled_job_type.run_scheduled_jo..., kwargs={'job_type': 'frappe.monitor.flush'}, method='frappe.core.doctype.scheduled_job_type.scheduled_job_type.run_scheduled_jo..., site='csc.localhost', user='Administrator') (csc.localhost::scheduled_job::frappe.monitor.flush)
2025-11-03 00:28:20,557 home-dipdops_greno-csc:default: Job OK (csc.localhost::scheduled_job::frappe.monitor.flush)
2025-11-03 00:28:20,557 Result is kept for 600 seconds
2025-11-03 00:28:20,560 home-dipdops_greno-csc:default: frappe.utils.background_jobs.execute_job(event=None, is_async=True, job_name='frappe.core.doctype.scheduled_job_type.scheduled_job_type.run_scheduled_jo..., kwargs={'job_type': 'frappe.email.queue.retry_sending_emails'}, method='frappe.core.doctype.scheduled_job_type.scheduled_job_type.run_scheduled_jo..., site='csc.localhost', user='Administrator') (csc.localhost::scheduled_job::frappe.email.queue.retry_sending_emails)
2025-11-03 00:28:20,760 home-dipdops_greno-csc:default: Job OK (csc.localhost::scheduled_job::frappe.email.queue.retry_sending_emails)
2025-11-03 00:28:20,760 Result is kept for 600 seconds
2025-11-03 00:28:20,763 home-dipdops_greno-csc:default: frappe.utils.background_jobs.execute_job(event=None, is_async=True, job_name='frappe.core.doctype.scheduled_job_type.scheduled_job_type.run_scheduled_jo..., kwargs={'job_type': 'frappe.email.queue.flush'}, method='frappe.core.doctype.scheduled_job_type.scheduled_job_type.run_scheduled_jo..., site='csc.localhost', user='Administrator') (csc.localhost::scheduled_job::frappe.email.queue.flush)
2025-11-03 00:28:21,031 home-dipdops_greno-csc:default: Job OK (csc.localhost::scheduled_job::frappe.email.queue.flush)
2025-11-03 00:28:21,031 Result is kept for 600 seconds
2025-11-03 00:30:12,581 home-dipdops_greno-csc:default: frappe.utils.background_jobs.execute_job(event=None, is_async=True, job_name='frappe.core.doctype.scheduled_job_type.scheduled_job_type.run_scheduled_jo..., kwargs={'job_type': 'frappe.model.utils.link_count.update_link_count'}, method='frappe.core.doctype.scheduled_job_type.scheduled_job_type.run_scheduled_jo..., site='csc.localhost', user='Administrator') (csc.localhost::scheduled_job::frappe.model.utils.link_count.update_link_count)
2025-11-03 00:30:12,848 home-dipdops_greno-csc:default: Job OK (csc.localhost::scheduled_job::frappe.model.utils.link_count.update_link_count)
2025-11-03 00:30:12,848 Result is kept for 600 seconds
2025-11-03 00:30:12,851 Cleaning registries for queue: home-dipdops_greno-csc:short
2025-11-03 00:30:12,851 Cleaning registries for queue: home-dipdops_greno-csc:default
2025-11-03 00:30:12,852 Cleaning registries for queue: home-dipdops_greno-csc:long
2025-11-03 00:30:12,853 home-dipdops_greno-csc:default: frappe.utils.background_jobs.execute_job(event=None, is_async=True, job_name='frappe.core.doctype.scheduled_job_type.scheduled_job_type.run_scheduled_jo..., kwargs={'job_type': 'frappe.utils.global_search.sync_global_search'}, method='frappe.core.doctype.scheduled_job_type.scheduled_job_type.run_scheduled_jo..., site='csc.localhost', user='Administrator') (csc.localhost::scheduled_job::frappe.utils.global_search.sync_global_search)
2025-11-03 00:30:13,084 home-dipdops_greno-csc:default: Job OK (csc.localhost::scheduled_job::frappe.utils.global_search.sync_global_search)
2025-11-03 00:30:13,084 Result is kept for 600 seconds
2025-11-03 00:30:13,087 home-dipdops_greno-csc:default: frappe.utils.background_jobs.execute_job(event=None, is_async=True, job_name='frappe.core.doctype.scheduled_job_type.scheduled_job_type.run_scheduled_jo..., kwargs={'job_type': 'frappe.email.doctype.email_account.email_account.pull'}, method='frappe.core.doctype.scheduled_job_type.scheduled_job_type.run_scheduled_jo..., site='csc.localhost', user='Administrator') (csc.localhost::scheduled_job::frappe.email.doctype.email_account.email_account.pull)
2025-11-03 00:30:13,343 home-dipdops_greno-csc:default: Job OK (csc.localhost::scheduled_job::frappe.email.doctype.email_account.email_account.pull)
2025-11-03 00:30:13,343 Result is kept for 600 seconds
2025-11-03 00:30:13,347 home-dipdops_greno-csc:default: frappe.utils.background_jobs.execute_job(event=None, is_async=True, job_name='frappe.core.doctype.scheduled_job_type.scheduled_job_type.run_scheduled_jo..., kwargs={'job_type': 'frappe.email.doctype.email_account.email_account.notify_unrep..., method='frappe.core.doctype.scheduled_job_type.scheduled_job_type.run_scheduled_jo..., site='csc.localhost', user='Administrator') (csc.localhost::scheduled_job::frappe.email.doctype.email_account.email_account.notify_unreplied)
2025-11-03 00:30:13,584 home-dipdops_greno-csc:default: Job OK (csc.localhost::scheduled_job::frappe.email.doctype.email_account.email_account.notify_unreplied)
2025-11-03 00:30:13,584 Result is kept for 600 seconds
2025-11-03 00:30:13,588 home-dipdops_greno-csc:default: frappe.utils.background_jobs.execute_job(event=None, is_async=True, job_name='frappe.core.doctype.scheduled_job_type.scheduled_job_type.run_scheduled_jo..., kwargs={'job_type': 'frappe.deferred_insert.save_to_db'}, method='frappe.core.doctype.scheduled_job_type.scheduled_job_type.run_scheduled_jo..., site='csc.localhost', user='Administrator') (csc.localhost::scheduled_job::frappe.deferred_insert.save_to_db)
2025-11-03 00:30:13,859 home-dipdops_greno-csc:default: Job OK (csc.localhost::scheduled_job::frappe.deferred_insert.save_to_db)
2025-11-03 00:30:13,859 Result is kept for 600 seconds
2025-11-03 00:30:13,862 home-dipdops_greno-csc:default: frappe.utils.background_jobs.execute_job(event=None, is_async=True, job_name='frappe.core.doctype.scheduled_job_type.scheduled_job_type.run_scheduled_jo..., kwargs={'job_type': 'frappe.search.sqlite_search.build_index_if_not_exists'}, method='frappe.core.doctype.scheduled_job_type.scheduled_job_type.run_scheduled_jo..., site='csc.localhost', user='Administrator') (csc.localhost::scheduled_job::frappe.search.sqlite_search.build_index_if_not_exists)
2025-11-03 00:30:14,089 home-dipdops_greno-csc:default: Job OK (csc.localhost::scheduled_job::frappe.search.sqlite_search.build_index_if_not_exists)
2025-11-03 00:30:14,089 Result is kept for 600 seconds
2025-11-03 00:30:14,092 home-dipdops_greno-csc:default: frappe.utils.background_jobs.execute_job(event=None, is_async=True, job_name='frappe.core.doctype.scheduled_job_type.scheduled_job_type.run_scheduled_jo..., kwargs={'job_type': 'frappe.pulse.client.send_queued_events'}, method='frappe.core.doctype.scheduled_job_type.scheduled_job_type.run_scheduled_jo..., site='csc.localhost', user='Administrator') (csc.localhost::scheduled_job::frappe.pulse.client.send_queued_events)
2025-11-03 00:30:14,316 home-dipdops_greno-csc:default: Job OK (csc.localhost::scheduled_job::frappe.pulse.client.send_queued_events)
2025-11-03 00:30:14,316 Result is kept for 600 seconds
2025-11-03 00:30:14,319 home-dipdops_greno-csc:default: frappe.utils.background_jobs.execute_job(event=None, is_async=True, job_name='frappe.core.doctype.scheduled_job_type.scheduled_job_type.run_scheduled_jo..., kwargs={'job_type': 'frappe.automation.doctype.reminder.reminder.send_reminders'}, method='frappe.core.doctype.scheduled_job_type.scheduled_job_type.run_scheduled_jo..., site='csc.localhost', user='Administrator') (csc.localhost::scheduled_job::frappe.automation.doctype.reminder.reminder.send_reminders)
2025-11-03 00:30:14,551 home-dipdops_greno-csc:default: Job OK (csc.localhost::scheduled_job::frappe.automation.doctype.reminder.reminder.send_reminders)
2025-11-03 00:30:14,551 Result is kept for 600 seconds
2025-11-03 00:32:02,743 home-dipdops_greno-csc:default: frappe.utils.background_jobs.execute_job(event=None, is_async=True, job_name='frappe.core.doctype.scheduled_job_type.scheduled_job_type.run_scheduled_jo..., kwargs={'job_type': 'frappe.monitor.flush'}, method='frappe.core.doctype.scheduled_job_type.scheduled_job_type.run_scheduled_jo..., site='csc.localhost', user='Administrator') (csc.localhost::scheduled_job::frappe.monitor.flush)
2025-11-03 00:32:02,974 home-dipdops_greno-csc:default: Job OK (csc.localhost::scheduled_job::frappe.monitor.flush)
2025-11-03 00:32:02,974 Result is kept for 600 seconds
2025-11-03 00:32:02,977 home-dipdops_greno-csc:default: frappe.utils.background_jobs.execute_job(event=None, is_async=True, job_name='frappe.core.doctype.scheduled_job_type.scheduled_job_type.run_scheduled_jo..., kwargs={'job_type': 'frappe.email.queue.retry_sending_emails'}, method='frappe.core.doctype.scheduled_job_type.scheduled_job_type.run_scheduled_jo..., site='csc.localhost', user='Administrator') (csc.localhost::scheduled_job::frappe.email.queue.retry_sending_emails)
2025-11-03 00:32:03,183 home-dipdops_greno-csc:default: Job OK (csc.localhost::scheduled_job::frappe.email.queue.retry_sending_emails)
2025-11-03 00:32:03,183 Result is kept for 600 seconds
2025-11-03 00:32:03,188 home-dipdops_greno-csc:default: frappe.utils.background_jobs.execute_job(event=None, is_async=True, job_name='frappe.core.doctype.scheduled_job_type.scheduled_job_type.run_scheduled_jo..., kwargs={'job_type': 'frappe.email.queue.flush'}, method='frappe.core.doctype.scheduled_job_type.scheduled_job_type.run_scheduled_jo..., site='csc.localhost', user='Administrator') (csc.localhost::scheduled_job::frappe.email.queue.flush)
2025-11-03 00:32:03,486 home-dipdops_greno-csc:default: Job OK (csc.localhost::scheduled_job::frappe.email.queue.flush)
2025-11-03 00:32:03,486 Result is kept for 600 seconds
2025-11-03 00:32:03,490 home-dipdops_greno-csc:default: frappe.utils.background_jobs.execute_job(event=None, is_async=True, job_name='frappe.core.doctype.scheduled_job_type.scheduled_job_type.run_scheduled_jo..., kwargs={'job_type': 'frappe.integrations.doctype.google_calendar.google_calendar.s..., method='frappe.core.doctype.scheduled_job_type.scheduled_job_type.run_scheduled_jo..., site='csc.localhost', user='Administrator') (csc.localhost::scheduled_job::frappe.integrations.doctype.google_calendar.google_calendar.sync)
2025-11-03 00:32:03,818 home-dipdops_greno-csc:default: Job OK (csc.localhost::scheduled_job::frappe.integrations.doctype.google_calendar.google_calendar.sync)
2025-11-03 00:32:03,819 Result is kept for 600 seconds
2025-11-03 00:36:40,525 home-dipdops_greno-csc:default: frappe.utils.background_jobs.execute_job(event=None, is_async=True, job_name='frappe.core.doctype.scheduled_job_type.scheduled_job_type.run_scheduled_jo..., kwargs={'job_type': 'frappe.email.queue.retry_sending_emails'}, method='frappe.core.doctype.scheduled_job_type.scheduled_job_type.run_scheduled_jo..., site='csc.localhost', user='Administrator') (csc.localhost::scheduled_job::frappe.email.queue.retry_sending_emails)
2025-11-03 00:36:40,760 home-dipdops_greno-csc:default: Job OK (csc.localhost::scheduled_job::frappe.email.queue.retry_sending_emails)
2025-11-03 00:36:40,760 Result is kept for 600 seconds
2025-11-03 00:36:40,765 home-dipdops_greno-csc:default: frappe.utils.background_jobs.execute_job(event=None, is_async=True, job_name='frappe.core.doctype.scheduled_job_type.scheduled_job_type.run_scheduled_jo..., kwargs={'job_type': 'frappe.email.queue.flush'}, method='frappe.core.doctype.scheduled_job_type.scheduled_job_type.run_scheduled_jo..., site='csc.localhost', user='Administrator') (csc.localhost::scheduled_job::frappe.email.queue.flush)
2025-11-03 00:36:41,034 home-dipdops_greno-csc:default: Job OK (csc.localhost::scheduled_job::frappe.email.queue.flush)
2025-11-03 00:36:41,034 Result is kept for 600 seconds
2025-11-03 00:36:41,038 home-dipdops_greno-csc:default: frappe.utils.background_jobs.execute_job(event=None, is_async=True, job_name='frappe.core.doctype.scheduled_job_type.scheduled_job_type.run_scheduled_jo..., kwargs={'job_type': 'frappe.integrations.doctype.google_calendar.google_calendar.s..., method='frappe.core.doctype.scheduled_job_type.scheduled_job_type.run_scheduled_jo..., site='csc.localhost', user='Administrator') (csc.localhost::scheduled_job::frappe.integrations.doctype.google_calendar.google_calendar.sync)
2025-11-03 00:36:41,362 home-dipdops_greno-csc:default: Job OK (csc.localhost::scheduled_job::frappe.integrations.doctype.google_calendar.google_calendar.sync)
2025-11-03 00:36:41,362 Result is kept for 600 seconds
2025-11-03 00:36:41,365 home-dipdops_greno-csc:default: frappe.utils.background_jobs.execute_job(event=None, is_async=True, job_name='frappe.core.doctype.scheduled_job_type.scheduled_job_type.run_scheduled_jo..., kwargs={'job_type': 'frappe.monitor.flush'}, method='frappe.core.doctype.scheduled_job_type.scheduled_job_type.run_scheduled_jo..., site='csc.localhost', user='Administrator') (csc.localhost::scheduled_job::frappe.monitor.flush)
2025-11-03 00:36:41,565 home-dipdops_greno-csc:default: Job OK (csc.localhost::scheduled_job::frappe.monitor.flush)
2025-11-03 00:36:41,565 Result is kept for 600 seconds
2025-11-03 00:40:20,799 home-dipdops_greno-csc:default: frappe.utils.background_jobs.execute_job(event=None, is_async=True, job_name='frappe.core.doctype.scheduled_job_type.scheduled_job_type.run_scheduled_jo..., kwargs={'job_type': 'frappe.email.queue.retry_sending_emails'}, method='frappe.core.doctype.scheduled_job_type.scheduled_job_type.run_scheduled_jo..., site='csc.localhost', user='Administrator') (csc.localhost::scheduled_job::frappe.email.queue.retry_sending_emails)
2025-11-03 00:40:21,032 home-dipdops_greno-csc:default: Job OK (csc.localhost::scheduled_job::frappe.email.queue.retry_sending_emails)
2025-11-03 00:40:21,032 Result is kept for 600 seconds
2025-11-03 00:40:21,035 home-dipdops_greno-csc:default: frappe.utils.background_jobs.execute_job(event=None, is_async=True, job_name='frappe.core.doctype.scheduled_job_type.scheduled_job_type.run_scheduled_jo..., kwargs={'job_type': 'frappe.email.doctype.email_account.email_account.pull'}, method='frappe.core.doctype.scheduled_job_type.scheduled_job_type.run_scheduled_jo..., site='csc.localhost', user='Administrator') (csc.localhost::scheduled_job::frappe.email.doctype.email_account.email_account.pull)
2025-11-03 00:40:21,279 home-dipdops_greno-csc:default: Job OK (csc.localhost::scheduled_job::frappe.email.doctype.email_account.email_account.pull)
2025-11-03 00:40:21,279 Result is kept for 600 seconds
2025-11-03 00:40:21,282 home-dipdops_greno-csc:default: frappe.utils.background_jobs.execute_job(event=None, is_async=True, job_name='frappe.core.doctype.scheduled_job_type.scheduled_job_type.run_scheduled_jo..., kwargs={'job_type': 'frappe.integrations.doctype.google_calendar.google_calendar.s..., method='frappe.core.doctype.scheduled_job_type.scheduled_job_type.run_scheduled_jo..., site='csc.localhost', user='Administrator') (csc.localhost::scheduled_job::frappe.integrations.doctype.google_calendar.google_calendar.sync)
2025-11-03 00:40:21,609 home-dipdops_greno-csc:default: Job OK (csc.localhost::scheduled_job::frappe.integrations.doctype.google_calendar.google_calendar.sync)
2025-11-03 00:40:21,610 Result is kept for 600 seconds
2025-11-03 00:40:21,613 home-dipdops_greno-csc:default: frappe.utils.background_jobs.execute_job(event=None, is_async=True, job_name='frappe.core.doctype.scheduled_job_type.scheduled_job_type.run_scheduled_jo..., kwargs={'job_type': 'frappe.email.queue.flush'}, method='frappe.core.doctype.scheduled_job_type.scheduled_job_type.run_scheduled_jo..., site='csc.localhost', user='Administrator') (csc.localhost::scheduled_job::frappe.email.queue.flush)
2025-11-03 00:40:21,873 home-dipdops_greno-csc:default: Job OK (csc.localhost::scheduled_job::frappe.email.queue.flush)
2025-11-03 00:40:21,873 Result is kept for 600 seconds
2025-11-03 00:40:21,876 home-dipdops_greno-csc:default: frappe.utils.background_jobs.execute_job(event=None, is_async=True, job_name='frappe.core.doctype.scheduled_job_type.scheduled_job_type.run_scheduled_jo..., kwargs={'job_type': 'frappe.monitor.flush'}, method='frappe.core.doctype.scheduled_job_type.scheduled_job_type.run_scheduled_jo..., site='csc.localhost', user='Administrator') (csc.localhost::scheduled_job::frappe.monitor.flush)
2025-11-03 00:40:22,063 home-dipdops_greno-csc:default: Job OK (csc.localhost::scheduled_job::frappe.monitor.flush)
2025-11-03 00:40:22,063 Result is kept for 600 seconds
2025-11-03 00:44:02,418 home-dipdops_greno-csc:default: frappe.utils.background_jobs.execute_job(event=None, is_async=True, job_name='frappe.core.doctype.scheduled_job_type.scheduled_job_type.run_scheduled_jo..., kwargs={'job_type': 'frappe.integrations.doctype.google_calendar.google_calendar.s..., method='frappe.core.doctype.scheduled_job_type.scheduled_job_type.run_scheduled_jo..., site='csc.localhost', user='Administrator') (csc.localhost::scheduled_job::frappe.integrations.doctype.google_calendar.google_calendar.sync)
2025-11-03 00:44:02,786 home-dipdops_greno-csc:default: Job OK (csc.localhost::scheduled_job::frappe.integrations.doctype.google_calendar.google_calendar.sync)
2025-11-03 00:44:02,787 Result is kept for 600 seconds
2025-11-03 00:44:02,790 home-dipdops_greno-csc:default: frappe.utils.background_jobs.execute_job(event=None, is_async=True, job_name='frappe.core.doctype.scheduled_job_type.scheduled_job_type.run_scheduled_jo..., kwargs={'job_type': 'frappe.email.queue.flush'}, method='frappe.core.doctype.scheduled_job_type.scheduled_job_type.run_scheduled_jo..., site='csc.localhost', user='Administrator') (csc.localhost::scheduled_job::frappe.email.queue.flush)
2025-11-03 00:44:03,077 home-dipdops_greno-csc:default: Job OK (csc.localhost::scheduled_job::frappe.email.queue.flush)
2025-11-03 00:44:03,077 Result is kept for 600 seconds
2025-11-03 00:44:03,082 home-dipdops_greno-csc:default: frappe.utils.background_jobs.execute_job(event=None, is_async=True, job_name='frappe.core.doctype.scheduled_job_type.scheduled_job_type.run_scheduled_jo..., kwargs={'job_type': 'frappe.email.queue.retry_sending_emails'}, method='frappe.core.doctype.scheduled_job_type.scheduled_job_type.run_scheduled_jo..., site='csc.localhost', user='Administrator') (csc.localhost::scheduled_job::frappe.email.queue.retry_sending_emails)
2025-11-03 00:44:03,304 home-dipdops_greno-csc:default: Job OK (csc.localhost::scheduled_job::frappe.email.queue.retry_sending_emails)
2025-11-03 00:44:03,304 Result is kept for 600 seconds
2025-11-03 00:44:03,307 home-dipdops_greno-csc:default: frappe.utils.background_jobs.execute_job(event=None, is_async=True, job_name='frappe.core.doctype.scheduled_job_type.scheduled_job_type.run_scheduled_jo..., kwargs={'job_type': 'frappe.monitor.flush'}, method='frappe.core.doctype.scheduled_job_type.scheduled_job_type.run_scheduled_jo..., site='csc.localhost', user='Administrator') (csc.localhost::scheduled_job::frappe.monitor.flush)
2025-11-03 00:44:03,508 home-dipdops_greno-csc:default: Job OK (csc.localhost::scheduled_job::frappe.monitor.flush)
2025-11-03 00:44:03,509 Result is kept for 600 seconds
2025-11-03 00:45:00,004 home-dipdops_greno-csc:default: frappe.utils.background_jobs.execute_job(event=None, is_async=True, job_name='frappe.core.doctype.scheduled_job_type.scheduled_job_type.run_scheduled_jo..., kwargs={'job_type': 'frappe.search.sqlite_search.build_index_if_not_exists'}, method='frappe.core.doctype.scheduled_job_type.scheduled_job_type.run_scheduled_jo..., site='csc.localhost', user='Administrator') (csc.localhost::scheduled_job::frappe.search.sqlite_search.build_index_if_not_exists)
2025-11-03 00:45:00,271 home-dipdops_greno-csc:default: Job OK (csc.localhost::scheduled_job::frappe.search.sqlite_search.build_index_if_not_exists)
2025-11-03 00:45:00,271 Result is kept for 600 seconds
2025-11-03 00:45:00,275 home-dipdops_greno-csc:default: frappe.utils.background_jobs.execute_job(event=None, is_async=True, job_name='frappe.core.doctype.scheduled_job_type.scheduled_job_type.run_scheduled_jo..., kwargs={'job_type': 'frappe.automation.doctype.reminder.reminder.send_reminders'}, method='frappe.core.doctype.scheduled_job_type.scheduled_job_type.run_scheduled_jo..., site='csc.localhost', user='Administrator') (csc.localhost::scheduled_job::frappe.automation.doctype.reminder.reminder.send_reminders)
2025-11-03 00:45:00,542 home-dipdops_greno-csc:default: Job OK (csc.localhost::scheduled_job::frappe.automation.doctype.reminder.reminder.send_reminders)
2025-11-03 00:45:00,542 Result is kept for 600 seconds
2025-11-03 00:45:00,546 home-dipdops_greno-csc:default: frappe.utils.background_jobs.execute_job(event=None, is_async=True, job_name='frappe.core.doctype.scheduled_job_type.scheduled_job_type.run_scheduled_jo..., kwargs={'job_type': 'frappe.pulse.client.send_queued_events'}, method='frappe.core.doctype.scheduled_job_type.scheduled_job_type.run_scheduled_jo..., site='csc.localhost', user='Administrator') (csc.localhost::scheduled_job::frappe.pulse.client.send_queued_events)
2025-11-03 00:45:00,832 home-dipdops_greno-csc:default: Job OK (csc.localhost::scheduled_job::frappe.pulse.client.send_queued_events)
2025-11-03 00:45:00,833 Result is kept for 600 seconds
2025-11-03 00:45:00,837 home-dipdops_greno-csc:default: frappe.utils.background_jobs.execute_job(event=None, is_async=True, job_name='frappe.core.doctype.scheduled_job_type.scheduled_job_type.run_scheduled_jo..., kwargs={'job_type': 'frappe.model.utils.link_count.update_link_count'}, method='frappe.core.doctype.scheduled_job_type.scheduled_job_type.run_scheduled_jo..., site='csc.localhost', user='Administrator') (csc.localhost::scheduled_job::frappe.model.utils.link_count.update_link_count)
2025-11-03 00:45:01,112 home-dipdops_greno-csc:default: Job OK (csc.localhost::scheduled_job::frappe.model.utils.link_count.update_link_count)
2025-11-03 00:45:01,112 Result is kept for 600 seconds
2025-11-03 00:45:01,116 home-dipdops_greno-csc:default: frappe.utils.background_jobs.execute_job(event=None, is_async=True, job_name='frappe.core.doctype.scheduled_job_type.scheduled_job_type.run_scheduled_jo..., kwargs={'job_type': 'frappe.email.doctype.email_account.email_account.notify_unrep..., method='frappe.core.doctype.scheduled_job_type.scheduled_job_type.run_scheduled_jo..., site='csc.localhost', user='Administrator') (csc.localhost::scheduled_job::frappe.email.doctype.email_account.email_account.notify_unreplied)
2025-11-03 00:45:01,383 home-dipdops_greno-csc:default: Job OK (csc.localhost::scheduled_job::frappe.email.doctype.email_account.email_account.notify_unreplied)
2025-11-03 00:45:01,383 Result is kept for 600 seconds
2025-11-03 00:45:01,387 home-dipdops_greno-csc:default: frappe.utils.background_jobs.execute_job(event=None, is_async=True, job_name='frappe.core.doctype.scheduled_job_type.scheduled_job_type.run_scheduled_jo..., kwargs={'job_type': 'frappe.utils.global_search.sync_global_search'}, method='frappe.core.doctype.scheduled_job_type.scheduled_job_type.run_scheduled_jo..., site='csc.localhost', user='Administrator') (csc.localhost::scheduled_job::frappe.utils.global_search.sync_global_search)
2025-11-03 00:45:01,656 home-dipdops_greno-csc:default: Job OK (csc.localhost::scheduled_job::frappe.utils.global_search.sync_global_search)
2025-11-03 00:45:01,657 Result is kept for 600 seconds
2025-11-03 00:45:01,662 home-dipdops_greno-csc:default: frappe.utils.background_jobs.execute_job(event=None, is_async=True, job_name='frappe.core.doctype.scheduled_job_type.scheduled_job_type.run_scheduled_jo..., kwargs={'job_type': 'frappe.deferred_insert.save_to_db'}, method='frappe.core.doctype.scheduled_job_type.scheduled_job_type.run_scheduled_jo..., site='csc.localhost', user='Administrator') (csc.localhost::scheduled_job::frappe.deferred_insert.save_to_db)
2025-11-03 00:45:01,931 home-dipdops_greno-csc:default: Job OK (csc.localhost::scheduled_job::frappe.deferred_insert.save_to_db)
2025-11-03 00:45:01,931 Result is kept for 600 seconds
2025-11-03 00:48:40,298 home-dipdops_greno-csc:default: frappe.utils.background_jobs.execute_job(event=None, is_async=True, job_name='frappe.core.doctype.scheduled_job_type.scheduled_job_type.run_scheduled_jo..., kwargs={'job_type': 'frappe.email.queue.flush'}, method='frappe.core.doctype.scheduled_job_type.scheduled_job_type.run_scheduled_jo..., site='csc.localhost', user='Administrator') (csc.localhost::scheduled_job::frappe.email.queue.flush)
2025-11-03 00:48:40,599 home-dipdops_greno-csc:default: Job OK (csc.localhost::scheduled_job::frappe.email.queue.flush)
2025-11-03 00:48:40,600 Result is kept for 600 seconds
2025-11-03 00:48:40,604 home-dipdops_greno-csc:default: frappe.utils.background_jobs.execute_job(event=None, is_async=True, job_name='frappe.core.doctype.scheduled_job_type.scheduled_job_type.run_scheduled_jo..., kwargs={'job_type': 'frappe.email.queue.retry_sending_emails'}, method='frappe.core.doctype.scheduled_job_type.scheduled_job_type.run_scheduled_jo..., site='csc.localhost', user='Administrator') (csc.localhost::scheduled_job::frappe.email.queue.retry_sending_emails)
2025-11-03 00:48:40,817 home-dipdops_greno-csc:default: Job OK (csc.localhost::scheduled_job::frappe.email.queue.retry_sending_emails)
2025-11-03 00:48:40,817 Result is kept for 600 seconds
2025-11-03 00:48:40,821 home-dipdops_greno-csc:default: frappe.utils.background_jobs.execute_job(event=None, is_async=True, job_name='frappe.core.doctype.scheduled_job_type.scheduled_job_type.run_scheduled_jo..., kwargs={'job_type': 'frappe.monitor.flush'}, method='frappe.core.doctype.scheduled_job_type.scheduled_job_type.run_scheduled_jo..., site='csc.localhost', user='Administrator') (csc.localhost::scheduled_job::frappe.monitor.flush)
2025-11-03 00:48:41,022 home-dipdops_greno-csc:default: Job OK (csc.localhost::scheduled_job::frappe.monitor.flush)
2025-11-03 00:48:41,022 Result is kept for 600 seconds
2025-11-03 00:48:41,025 home-dipdops_greno-csc:default: frappe.utils.background_jobs.execute_job(event=None, is_async=True, job_name='frappe.core.doctype.scheduled_job_type.scheduled_job_type.run_scheduled_jo..., kwargs={'job_type': 'frappe.integrations.doctype.google_calendar.google_calendar.s..., method='frappe.core.doctype.scheduled_job_type.scheduled_job_type.run_scheduled_jo..., site='csc.localhost', user='Administrator') (csc.localhost::scheduled_job::frappe.integrations.doctype.google_calendar.google_calendar.sync)
2025-11-03 00:48:41,363 home-dipdops_greno-csc:default: Job OK (csc.localhost::scheduled_job::frappe.integrations.doctype.google_calendar.google_calendar.sync)
2025-11-03 00:48:41,363 Result is kept for 600 seconds
2025-11-03 00:50:32,887 home-dipdops_greno-csc:default: frappe.utils.background_jobs.execute_job(event=None, is_async=True, job_name='frappe.core.doctype.scheduled_job_type.scheduled_job_type.run_scheduled_jo..., kwargs={'job_type': 'frappe.email.doctype.email_account.email_account.pull'}, method='frappe.core.doctype.scheduled_job_type.scheduled_job_type.run_scheduled_jo..., site='csc.localhost', user='Administrator') (csc.localhost::scheduled_job::frappe.email.doctype.email_account.email_account.pull)
2025-11-03 00:50:33,146 home-dipdops_greno-csc:default: Job OK (csc.localhost::scheduled_job::frappe.email.doctype.email_account.email_account.pull)
2025-11-03 00:50:33,146 Result is kept for 600 seconds
2025-11-03 00:50:33,149 Cleaning registries for queue: home-dipdops_greno-csc:short
2025-11-03 00:50:33,150 Cleaning registries for queue: home-dipdops_greno-csc:default
2025-11-03 00:50:33,150 Cleaning registries for queue: home-dipdops_greno-csc:long
2025-11-03 00:52:23,053 home-dipdops_greno-csc:default: frappe.utils.background_jobs.execute_job(event=None, is_async=True, job_name='frappe.core.doctype.scheduled_job_type.scheduled_job_type.run_scheduled_jo..., kwargs={'job_type': 'frappe.email.queue.flush'}, method='frappe.core.doctype.scheduled_job_type.scheduled_job_type.run_scheduled_jo..., site='csc.localhost', user='Administrator') (csc.localhost::scheduled_job::frappe.email.queue.flush)
2025-11-03 00:52:23,423 home-dipdops_greno-csc:default: Job OK (csc.localhost::scheduled_job::frappe.email.queue.flush)
2025-11-03 00:52:23,423 Result is kept for 600 seconds
2025-11-03 00:52:23,427 home-dipdops_greno-csc:default: frappe.utils.background_jobs.execute_job(event=None, is_async=True, job_name='frappe.core.doctype.scheduled_job_type.scheduled_job_type.run_scheduled_jo..., kwargs={'job_type': 'frappe.integrations.doctype.google_calendar.google_calendar.s..., method='frappe.core.doctype.scheduled_job_type.scheduled_job_type.run_scheduled_jo..., site='csc.localhost', user='Administrator') (csc.localhost::scheduled_job::frappe.integrations.doctype.google_calendar.google_calendar.sync)
2025-11-03 00:52:23,789 home-dipdops_greno-csc:default: Job OK (csc.localhost::scheduled_job::frappe.integrations.doctype.google_calendar.google_calendar.sync)
2025-11-03 00:52:23,789 Result is kept for 600 seconds
2025-11-03 00:52:23,793 home-dipdops_greno-csc:default: frappe.utils.background_jobs.execute_job(event=None, is_async=True, job_name='frappe.core.doctype.scheduled_job_type.scheduled_job_type.run_scheduled_jo..., kwargs={'job_type': 'frappe.monitor.flush'}, method='frappe.core.doctype.scheduled_job_type.scheduled_job_type.run_scheduled_jo..., site='csc.localhost', user='Administrator') (csc.localhost::scheduled_job::frappe.monitor.flush)
2025-11-03 00:52:23,995 home-dipdops_greno-csc:default: Job OK (csc.localhost::scheduled_job::frappe.monitor.flush)
2025-11-03 00:52:23,995 Result is kept for 600 seconds
2025-11-03 00:52:23,998 home-dipdops_greno-csc:default: frappe.utils.background_jobs.execute_job(event=None, is_async=True, job_name='frappe.core.doctype.scheduled_job_type.scheduled_job_type.run_scheduled_jo..., kwargs={'job_type': 'frappe.email.queue.retry_sending_emails'}, method='frappe.core.doctype.scheduled_job_type.scheduled_job_type.run_scheduled_jo..., site='csc.localhost', user='Administrator') (csc.localhost::scheduled_job::frappe.email.queue.retry_sending_emails)
2025-11-03 00:52:24,207 home-dipdops_greno-csc:default: Job OK (csc.localhost::scheduled_job::frappe.email.queue.retry_sending_emails)
2025-11-03 00:52:24,207 Result is kept for 600 seconds
2025-11-03 00:56:03,365 home-dipdops_greno-csc:default: frappe.utils.background_jobs.execute_job(event=None, is_async=True, job_name='frappe.core.doctype.scheduled_job_type.scheduled_job_type.run_scheduled_jo..., kwargs={'job_type': 'frappe.integrations.doctype.google_calendar.google_calendar.s..., method='frappe.core.doctype.scheduled_job_type.scheduled_job_type.run_scheduled_jo..., site='csc.localhost', user='Administrator') (csc.localhost::scheduled_job::frappe.integrations.doctype.google_calendar.google_calendar.sync)
2025-11-03 00:56:03,705 home-dipdops_greno-csc:default: Job OK (csc.localhost::scheduled_job::frappe.integrations.doctype.google_calendar.google_calendar.sync)
2025-11-03 00:56:03,705 Result is kept for 600 seconds
2025-11-03 00:56:03,709 home-dipdops_greno-csc:default: frappe.utils.background_jobs.execute_job(event=None, is_async=True, job_name='frappe.core.doctype.scheduled_job_type.scheduled_job_type.run_scheduled_jo..., kwargs={'job_type': 'frappe.email.queue.retry_sending_emails'}, method='frappe.core.doctype.scheduled_job_type.scheduled_job_type.run_scheduled_jo..., site='csc.localhost', user='Administrator') (csc.localhost::scheduled_job::frappe.email.queue.retry_sending_emails)
2025-11-03 00:56:03,908 home-dipdops_greno-csc:default: Job OK (csc.localhost::scheduled_job::frappe.email.queue.retry_sending_emails)
2025-11-03 00:56:03,908 Result is kept for 600 seconds
2025-11-03 00:56:03,911 home-dipdops_greno-csc:default: frappe.utils.background_jobs.execute_job(event=None, is_async=True, job_name='frappe.core.doctype.scheduled_job_type.scheduled_job_type.run_scheduled_jo..., kwargs={'job_type': 'frappe.email.queue.flush'}, method='frappe.core.doctype.scheduled_job_type.scheduled_job_type.run_scheduled_jo..., site='csc.localhost', user='Administrator') (csc.localhost::scheduled_job::frappe.email.queue.flush)
2025-11-03 00:56:04,184 home-dipdops_greno-csc:default: Job OK (csc.localhost::scheduled_job::frappe.email.queue.flush)
2025-11-03 00:56:04,185 Result is kept for 600 seconds
2025-11-03 00:56:04,188 home-dipdops_greno-csc:default: frappe.utils.background_jobs.execute_job(event=None, is_async=True, job_name='frappe.core.doctype.scheduled_job_type.scheduled_job_type.run_scheduled_jo..., kwargs={'job_type': 'frappe.monitor.flush'}, method='frappe.core.doctype.scheduled_job_type.scheduled_job_type.run_scheduled_jo..., site='csc.localhost', user='Administrator') (csc.localhost::scheduled_job::frappe.monitor.flush)
2025-11-03 00:56:04,382 home-dipdops_greno-csc:default: Job OK (csc.localhost::scheduled_job::frappe.monitor.flush)
2025-11-03 00:56:04,382 Result is kept for 600 seconds
2025-11-03 01:00:41,176 home-dipdops_greno-csc:default: frappe.utils.background_jobs.execute_job(event=None, is_async=True, job_name='frappe.core.doctype.scheduled_job_type.scheduled_job_type.run_scheduled_jo..., kwargs={'job_type': 'frappe.email.queue.retry_sending_emails'}, method='frappe.core.doctype.scheduled_job_type.scheduled_job_type.run_scheduled_jo..., site='csc.localhost', user='Administrator') (csc.localhost::scheduled_job::frappe.email.queue.retry_sending_emails)
2025-11-03 01:00:41,425 home-dipdops_greno-csc:default: Job OK (csc.localhost::scheduled_job::frappe.email.queue.retry_sending_emails)
2025-11-03 01:00:41,425 Result is kept for 600 seconds
2025-11-03 01:00:41,431 home-dipdops_greno-csc:default: frappe.utils.background_jobs.execute_job(event=None, is_async=True, job_name='frappe.core.doctype.scheduled_job_type.scheduled_job_type.run_scheduled_jo..., kwargs={'job_type': 'frappe.model.utils.link_count.update_link_count'}, method='frappe.core.doctype.scheduled_job_type.scheduled_job_type.run_scheduled_jo..., site='csc.localhost', user='Administrator') (csc.localhost::scheduled_job::frappe.model.utils.link_count.update_link_count)
2025-11-03 01:00:41,660 home-dipdops_greno-csc:default: Job OK (csc.localhost::scheduled_job::frappe.model.utils.link_count.update_link_count)
2025-11-03 01:00:41,660 Result is kept for 600 seconds
2025-11-03 01:00:41,663 home-dipdops_greno-csc:default: frappe.utils.background_jobs.execute_job(event=None, is_async=True, job_name='frappe.core.doctype.scheduled_job_type.scheduled_job_type.run_scheduled_jo..., kwargs={'job_type': 'frappe.monitor.flush'}, method='frappe.core.doctype.scheduled_job_type.scheduled_job_type.run_scheduled_jo..., site='csc.localhost', user='Administrator') (csc.localhost::scheduled_job::frappe.monitor.flush)
2025-11-03 01:00:41,862 home-dipdops_greno-csc:default: Job OK (csc.localhost::scheduled_job::frappe.monitor.flush)
2025-11-03 01:00:41,862 Result is kept for 600 seconds
2025-11-03 01:00:41,866 home-dipdops_greno-csc:default: frappe.utils.background_jobs.execute_job(event=None, is_async=True, job_name='frappe.core.doctype.scheduled_job_type.scheduled_job_type.run_scheduled_jo..., kwargs={'job_type': 'frappe.automation.doctype.reminder.reminder.send_reminders'}, method='frappe.core.doctype.scheduled_job_type.scheduled_job_type.run_scheduled_jo..., site='csc.localhost', user='Administrator') (csc.localhost::scheduled_job::frappe.automation.doctype.reminder.reminder.send_reminders)
2025-11-03 01:00:42,096 home-dipdops_greno-csc:default: Job OK (csc.localhost::scheduled_job::frappe.automation.doctype.reminder.reminder.send_reminders)
2025-11-03 01:00:42,096 Result is kept for 600 seconds
2025-11-03 01:00:42,099 home-dipdops_greno-csc:default: frappe.utils.background_jobs.execute_job(event=None, is_async=True, job_name='frappe.core.doctype.scheduled_job_type.scheduled_job_type.run_scheduled_jo..., kwargs={'job_type': 'frappe.email.doctype.newsletter.newsletter.send_scheduled_ema..., method='frappe.core.doctype.scheduled_job_type.scheduled_job_type.run_scheduled_jo..., site='csc.localhost', user='Administrator') (csc.localhost::scheduled_job::frappe.email.doctype.newsletter.newsletter.send_scheduled_email)
2025-11-03 01:00:42,346 home-dipdops_greno-csc:default: Job OK (csc.localhost::scheduled_job::frappe.email.doctype.newsletter.newsletter.send_scheduled_email)
2025-11-03 01:00:42,346 Result is kept for 600 seconds
2025-11-03 01:00:42,351 home-dipdops_greno-csc:default: frappe.utils.background_jobs.execute_job(event=None, is_async=True, job_name='frappe.core.doctype.scheduled_job_type.scheduled_job_type.run_scheduled_jo..., kwargs={'job_type': 'frappe.pulse.client.send_queued_events'}, method='frappe.core.doctype.scheduled_job_type.scheduled_job_type.run_scheduled_jo..., site='csc.localhost', user='Administrator') (csc.localhost::scheduled_job::frappe.pulse.client.send_queued_events)
2025-11-03 01:00:42,614 home-dipdops_greno-csc:default: Job OK (csc.localhost::scheduled_job::frappe.pulse.client.send_queued_events)
2025-11-03 01:00:42,614 Result is kept for 600 seconds
2025-11-03 01:00:42,618 home-dipdops_greno-csc:default: frappe.utils.background_jobs.execute_job(event=None, is_async=True, job_name='frappe.core.doctype.scheduled_job_type.scheduled_job_type.run_scheduled_jo..., kwargs={'job_type': 'frappe.email.doctype.email_account.email_account.notify_unrep..., method='frappe.core.doctype.scheduled_job_type.scheduled_job_type.run_scheduled_jo..., site='csc.localhost', user='Administrator') (csc.localhost::scheduled_job::frappe.email.doctype.email_account.email_account.notify_unreplied)
2025-11-03 01:00:42,866 home-dipdops_greno-csc:default: Job OK (csc.localhost::scheduled_job::frappe.email.doctype.email_account.email_account.notify_unreplied)
2025-11-03 01:00:42,866 Result is kept for 600 seconds
2025-11-03 01:00:42,870 home-dipdops_greno-csc:default: frappe.utils.background_jobs.execute_job(event=None, is_async=True, job_name='frappe.core.doctype.scheduled_job_type.scheduled_job_type.run_scheduled_jo..., kwargs={'job_type': 'frappe.search.sqlite_search.build_index_if_not_exists'}, method='frappe.core.doctype.scheduled_job_type.scheduled_job_type.run_scheduled_jo..., site='csc.localhost', user='Administrator') (csc.localhost::scheduled_job::frappe.search.sqlite_search.build_index_if_not_exists)
2025-11-03 01:00:43,128 home-dipdops_greno-csc:default: Job OK (csc.localhost::scheduled_job::frappe.search.sqlite_search.build_index_if_not_exists)
2025-11-03 01:00:43,128 Result is kept for 600 seconds
2025-11-03 01:00:43,131 home-dipdops_greno-csc:default: frappe.utils.background_jobs.execute_job(event=None, is_async=True, job_name='frappe.core.doctype.scheduled_job_type.scheduled_job_type.run_scheduled_jo..., kwargs={'job_type': 'frappe.email.queue.flush'}, method='frappe.core.doctype.scheduled_job_type.scheduled_job_type.run_scheduled_jo..., site='csc.localhost', user='Administrator') (csc.localhost::scheduled_job::frappe.email.queue.flush)
2025-11-03 01:00:43,420 home-dipdops_greno-csc:default: Job OK (csc.localhost::scheduled_job::frappe.email.queue.flush)
2025-11-03 01:00:43,420 Result is kept for 600 seconds
2025-11-03 01:00:43,424 home-dipdops_greno-csc:default: frappe.utils.background_jobs.execute_job(event=None, is_async=True, job_name='frappe.core.doctype.scheduled_job_type.scheduled_job_type.run_scheduled_jo..., kwargs={'job_type': 'frappe.email.doctype.email_account.email_account.pull'}, method='frappe.core.doctype.scheduled_job_type.scheduled_job_type.run_scheduled_jo..., site='csc.localhost', user='Administrator') (csc.localhost::scheduled_job::frappe.email.doctype.email_account.email_account.pull)
2025-11-03 01:00:43,684 home-dipdops_greno-csc:default: Job OK (csc.localhost::scheduled_job::frappe.email.doctype.email_account.email_account.pull)
2025-11-03 01:00:43,685 Result is kept for 600 seconds
2025-11-03 01:00:43,688 home-dipdops_greno-csc:default: frappe.utils.background_jobs.execute_job(event=None, is_async=True, job_name='frappe.core.doctype.scheduled_job_type.scheduled_job_type.run_scheduled_jo..., kwargs={'job_type': 'frappe.deferred_insert.save_to_db'}, method='frappe.core.doctype.scheduled_job_type.scheduled_job_type.run_scheduled_jo..., site='csc.localhost', user='Administrator') (csc.localhost::scheduled_job::frappe.deferred_insert.save_to_db)
2025-11-03 01:00:43,964 home-dipdops_greno-csc:default: Job OK (csc.localhost::scheduled_job::frappe.deferred_insert.save_to_db)
2025-11-03 01:00:43,964 Result is kept for 600 seconds
2025-11-03 01:00:43,970 home-dipdops_greno-csc:default: frappe.utils.background_jobs.execute_job(event=None, is_async=True, job_name='frappe.core.doctype.scheduled_job_type.scheduled_job_type.run_scheduled_jo..., kwargs={'job_type': 'frappe.integrations.doctype.google_calendar.google_calendar.s..., method='frappe.core.doctype.scheduled_job_type.scheduled_job_type.run_scheduled_jo..., site='csc.localhost', user='Administrator') (csc.localhost::scheduled_job::frappe.integrations.doctype.google_calendar.google_calendar.sync)
2025-11-03 01:00:44,314 home-dipdops_greno-csc:default: Job OK (csc.localhost::scheduled_job::frappe.integrations.doctype.google_calendar.google_calendar.sync)
2025-11-03 01:00:44,314 Result is kept for 600 seconds
2025-11-03 01:00:44,318 home-dipdops_greno-csc:default: frappe.utils.background_jobs.execute_job(event=None, is_async=True, job_name='frappe.core.doctype.scheduled_job_type.scheduled_job_type.run_scheduled_jo..., kwargs={'job_type': 'frappe.utils.global_search.sync_global_search'}, method='frappe.core.doctype.scheduled_job_type.scheduled_job_type.run_scheduled_jo..., site='csc.localhost', user='Administrator') (csc.localhost::scheduled_job::frappe.utils.global_search.sync_global_search)
2025-11-03 01:00:44,576 home-dipdops_greno-csc:default: Job OK (csc.localhost::scheduled_job::frappe.utils.global_search.sync_global_search)
2025-11-03 01:00:44,576 Result is kept for 600 seconds
2025-11-03 01:00:44,579 home-dipdops_greno-csc:long: frappe.utils.background_jobs.execute_job(event=None, is_async=True, job_name='frappe.core.doctype.scheduled_job_type.scheduled_job_type.run_scheduled_jo..., kwargs={'job_type': 'frappe.twofactor.delete_all_barcodes_for_users'}, method='frappe.core.doctype.scheduled_job_type.scheduled_job_type.run_scheduled_jo..., site='csc.localhost', user='Administrator') (csc.localhost::scheduled_job::frappe.twofactor.delete_all_barcodes_for_users)
2025-11-03 01:00:44,870 home-dipdops_greno-csc:long: Job OK (csc.localhost::scheduled_job::frappe.twofactor.delete_all_barcodes_for_users)
2025-11-03 01:00:44,870 Result is kept for 600 seconds
2025-11-03 01:00:44,874 home-dipdops_greno-csc:long: frappe.utils.background_jobs.execute_job(event=None, is_async=True, job_name='frappe.core.doctype.scheduled_job_type.scheduled_job_type.run_scheduled_jo..., kwargs={'job_type': 'frappe.oauth.delete_oauth2_data'}, method='frappe.core.doctype.scheduled_job_type.scheduled_job_type.run_scheduled_jo..., site='csc.localhost', user='Administrator') (csc.localhost::scheduled_job::frappe.oauth.delete_oauth2_data)
2025-11-03 01:00:45,147 home-dipdops_greno-csc:long: Job OK (csc.localhost::scheduled_job::frappe.oauth.delete_oauth2_data)
2025-11-03 01:00:45,147 Result is kept for 600 seconds
2025-11-03 01:00:45,151 home-dipdops_greno-csc:long: frappe.utils.background_jobs.execute_job(event=None, is_async=True, job_name='frappe.core.doctype.scheduled_job_type.scheduled_job_type.run_scheduled_jo..., kwargs={'job_type': 'frappe.website.doctype.personal_data_deletion_request.persona..., method='frappe.core.doctype.scheduled_job_type.scheduled_job_type.run_scheduled_jo..., site='csc.localhost', user='Administrator') (csc.localhost::scheduled_job::frappe.website.doctype.personal_data_deletion_request.personal_data_deletion_request.process_data_deletion_request)
2025-11-03 01:00:45,443 home-dipdops_greno-csc:long: Job OK (csc.localhost::scheduled_job::frappe.website.doctype.personal_data_deletion_request.personal_data_deletion_request.process_data_deletion_request)
2025-11-03 01:00:45,444 Result is kept for 600 seconds
2025-11-03 01:00:45,447 home-dipdops_greno-csc:long: frappe.utils.background_jobs.execute_job(event=None, is_async=True, job_name='frappe.core.doctype.scheduled_job_type.scheduled_job_type.run_scheduled_jo..., kwargs={'job_type': 'frappe.core.doctype.prepared_report.prepared_report.expire_st..., method='frappe.core.doctype.scheduled_job_type.scheduled_job_type.run_scheduled_jo..., site='csc.localhost', user='Administrator') (csc.localhost::scheduled_job::frappe.core.doctype.prepared_report.prepared_report.expire_stalled_report)
2025-11-03 01:00:45,695 home-dipdops_greno-csc:long: Job OK (csc.localhost::scheduled_job::frappe.core.doctype.prepared_report.prepared_report.expire_stalled_report)
2025-11-03 01:00:45,696 Result is kept for 600 seconds
2025-11-03 01:00:45,699 home-dipdops_greno-csc:long: frappe.utils.background_jobs.execute_job(event=None, is_async=True, job_name='frappe.core.doctype.scheduled_job_type.scheduled_job_type.run_scheduled_jo..., kwargs={'job_type': 'frappe.website.doctype.web_page.web_page.check_publish_status..., method='frappe.core.doctype.scheduled_job_type.scheduled_job_type.run_scheduled_jo..., site='csc.localhost', user='Administrator') (csc.localhost::scheduled_job::frappe.website.doctype.web_page.web_page.check_publish_status)
2025-11-03 01:00:45,969 home-dipdops_greno-csc:long: Job OK (csc.localhost::scheduled_job::frappe.website.doctype.web_page.web_page.check_publish_status)
2025-11-03 01:00:45,969 Result is kept for 600 seconds
2025-11-03 01:00:45,973 home-dipdops_greno-csc:long: frappe.utils.background_jobs.execute_job(event=None, is_async=True, job_name='frappe.core.doctype.scheduled_job_type.scheduled_job_type.run_scheduled_jo..., kwargs={'job_type': 'frappe.desk.page.backups.backups.delete_downloadable_backups'..., method='frappe.core.doctype.scheduled_job_type.scheduled_job_type.run_scheduled_jo..., site='csc.localhost', user='Administrator') (csc.localhost::scheduled_job::frappe.desk.page.backups.backups.delete_downloadable_backups)
2025-11-03 01:00:46,224 home-dipdops_greno-csc:long: Job OK (csc.localhost::scheduled_job::frappe.desk.page.backups.backups.delete_downloadable_backups)
2025-11-03 01:00:46,224 Result is kept for 600 seconds
2025-11-03 01:00:46,227 home-dipdops_greno-csc:long: frappe.utils.background_jobs.execute_job(event=None, is_async=True, job_name='frappe.core.doctype.scheduled_job_type.scheduled_job_type.run_scheduled_jo..., kwargs={'job_type': 'frappe.model.utils.user_settings.sync_user_settings'}, method='frappe.core.doctype.scheduled_job_type.scheduled_job_type.run_scheduled_jo..., site='csc.localhost', user='Administrator') (csc.localhost::scheduled_job::frappe.model.utils.user_settings.sync_user_settings)
2025-11-03 01:00:46,461 home-dipdops_greno-csc:long: Job OK (csc.localhost::scheduled_job::frappe.model.utils.user_settings.sync_user_settings)
2025-11-03 01:00:46,461 Result is kept for 600 seconds
2025-11-03 01:00:46,464 home-dipdops_greno-csc:long: frappe.utils.background_jobs.execute_job(event=None, is_async=True, job_name='frappe.core.doctype.scheduled_job_type.scheduled_job_type.run_scheduled_jo..., kwargs={'job_type': 'frappe.desk.utils.delete_old_exported_report_files'}, method='frappe.core.doctype.scheduled_job_type.scheduled_job_type.run_scheduled_jo..., site='csc.localhost', user='Administrator') (csc.localhost::scheduled_job::frappe.desk.utils.delete_old_exported_report_files)
2025-11-03 01:00:46,702 home-dipdops_greno-csc:long: Job OK (csc.localhost::scheduled_job::frappe.desk.utils.delete_old_exported_report_files)
2025-11-03 01:00:46,703 Result is kept for 600 seconds
2025-11-03 01:00:46,706 home-dipdops_greno-csc:long: frappe.utils.background_jobs.execute_job(event=None, is_async=True, job_name='frappe.core.doctype.scheduled_job_type.scheduled_job_type.run_scheduled_jo..., kwargs={'job_type': 'frappe.desk.form.document_follow.send_hourly_updates'}, method='frappe.core.doctype.scheduled_job_type.scheduled_job_type.run_scheduled_jo..., site='csc.localhost', user='Administrator') (csc.localhost::scheduled_job::frappe.desk.form.document_follow.send_hourly_updates)
2025-11-03 01:00:46,956 home-dipdops_greno-csc:long: Job OK (csc.localhost::scheduled_job::frappe.desk.form.document_follow.send_hourly_updates)
2025-11-03 01:00:46,956 Result is kept for 600 seconds
2025-11-03 01:04:23,935 home-dipdops_greno-csc:default: frappe.utils.background_jobs.execute_job(event=None, is_async=True, job_name='frappe.core.doctype.scheduled_job_type.scheduled_job_type.run_scheduled_jo..., kwargs={'job_type': 'frappe.email.queue.flush'}, method='frappe.core.doctype.scheduled_job_type.scheduled_job_type.run_scheduled_jo..., site='csc.localhost', user='Administrator') (csc.localhost::scheduled_job::frappe.email.queue.flush)
2025-11-03 01:04:24,231 home-dipdops_greno-csc:default: Job OK (csc.localhost::scheduled_job::frappe.email.queue.flush)
2025-11-03 01:04:24,231 Result is kept for 600 seconds
2025-11-03 01:04:24,235 home-dipdops_greno-csc:default: frappe.utils.background_jobs.execute_job(event=None, is_async=True, job_name='frappe.core.doctype.scheduled_job_type.scheduled_job_type.run_scheduled_jo..., kwargs={'job_type': 'frappe.monitor.flush'}, method='frappe.core.doctype.scheduled_job_type.scheduled_job_type.run_scheduled_jo..., site='csc.localhost', user='Administrator') (csc.localhost::scheduled_job::frappe.monitor.flush)
2025-11-03 01:04:24,428 home-dipdops_greno-csc:default: Job OK (csc.localhost::scheduled_job::frappe.monitor.flush)
2025-11-03 01:04:24,428 Result is kept for 600 seconds
2025-11-03 01:04:24,431 home-dipdops_greno-csc:default: frappe.utils.background_jobs.execute_job(event=None, is_async=True, job_name='frappe.core.doctype.scheduled_job_type.scheduled_job_type.run_scheduled_jo..., kwargs={'job_type': 'frappe.email.queue.retry_sending_emails'}, method='frappe.core.doctype.scheduled_job_type.scheduled_job_type.run_scheduled_jo..., site='csc.localhost', user='Administrator') (csc.localhost::scheduled_job::frappe.email.queue.retry_sending_emails)
2025-11-03 01:04:24,631 home-dipdops_greno-csc:default: Job OK (csc.localhost::scheduled_job::frappe.email.queue.retry_sending_emails)
2025-11-03 01:04:24,631 Result is kept for 600 seconds
2025-11-03 01:04:24,634 home-dipdops_greno-csc:default: frappe.utils.background_jobs.execute_job(event=None, is_async=True, job_name='frappe.core.doctype.scheduled_job_type.scheduled_job_type.run_scheduled_jo..., kwargs={'job_type': 'frappe.integrations.doctype.google_calendar.google_calendar.s..., method='frappe.core.doctype.scheduled_job_type.scheduled_job_type.run_scheduled_jo..., site='csc.localhost', user='Administrator') (csc.localhost::scheduled_job::frappe.integrations.doctype.google_calendar.google_calendar.sync)
2025-11-03 01:04:24,953 home-dipdops_greno-csc:default: Job OK (csc.localhost::scheduled_job::frappe.integrations.doctype.google_calendar.google_calendar.sync)
2025-11-03 01:04:24,953 Result is kept for 600 seconds
2025-11-03 01:08:04,218 home-dipdops_greno-csc:default: frappe.utils.background_jobs.execute_job(event=None, is_async=True, job_name='frappe.core.doctype.scheduled_job_type.scheduled_job_type.run_scheduled_jo..., kwargs={'job_type': 'frappe.monitor.flush'}, method='frappe.core.doctype.scheduled_job_type.scheduled_job_type.run_scheduled_jo..., site='csc.localhost', user='Administrator') (csc.localhost::scheduled_job::frappe.monitor.flush)
2025-11-03 01:08:04,445 home-dipdops_greno-csc:default: Job OK (csc.localhost::scheduled_job::frappe.monitor.flush)
2025-11-03 01:08:04,445 Result is kept for 600 seconds
2025-11-03 01:08:04,448 home-dipdops_greno-csc:default: frappe.utils.background_jobs.execute_job(event=None, is_async=True, job_name='frappe.core.doctype.scheduled_job_type.scheduled_job_type.run_scheduled_jo..., kwargs={'job_type': 'frappe.email.queue.retry_sending_emails'}, method='frappe.core.doctype.scheduled_job_type.scheduled_job_type.run_scheduled_jo..., site='csc.localhost', user='Administrator') (csc.localhost::scheduled_job::frappe.email.queue.retry_sending_emails)
2025-11-03 01:08:04,647 home-dipdops_greno-csc:default: Job OK (csc.localhost::scheduled_job::frappe.email.queue.retry_sending_emails)
2025-11-03 01:08:04,647 Result is kept for 600 seconds
2025-11-03 01:08:04,650 home-dipdops_greno-csc:default: frappe.utils.background_jobs.execute_job(event=None, is_async=True, job_name='frappe.core.doctype.scheduled_job_type.scheduled_job_type.run_scheduled_jo..., kwargs={'job_type': 'frappe.email.queue.flush'}, method='frappe.core.doctype.scheduled_job_type.scheduled_job_type.run_scheduled_jo..., site='csc.localhost', user='Administrator') (csc.localhost::scheduled_job::frappe.email.queue.flush)
2025-11-03 01:08:04,921 home-dipdops_greno-csc:default: Job OK (csc.localhost::scheduled_job::frappe.email.queue.flush)
2025-11-03 01:08:04,921 Result is kept for 600 seconds
2025-11-03 01:08:04,924 home-dipdops_greno-csc:default: frappe.utils.background_jobs.execute_job(event=None, is_async=True, job_name='frappe.core.doctype.scheduled_job_type.scheduled_job_type.run_scheduled_jo..., kwargs={'job_type': 'frappe.integrations.doctype.google_calendar.google_calendar.s..., method='frappe.core.doctype.scheduled_job_type.scheduled_job_type.run_scheduled_jo..., site='csc.localhost', user='Administrator') (csc.localhost::scheduled_job::frappe.integrations.doctype.google_calendar.google_calendar.sync)
2025-11-03 01:08:05,260 home-dipdops_greno-csc:default: Job OK (csc.localhost::scheduled_job::frappe.integrations.doctype.google_calendar.google_calendar.sync)
2025-11-03 01:08:05,261 Result is kept for 600 seconds
2025-11-03 01:10:51,922 home-dipdops_greno-csc:default: frappe.utils.background_jobs.execute_job(event=None, is_async=True, job_name='frappe.core.doctype.scheduled_job_type.scheduled_job_type.run_scheduled_jo..., kwargs={'job_type': 'frappe.email.doctype.email_account.email_account.pull'}, method='frappe.core.doctype.scheduled_job_type.scheduled_job_type.run_scheduled_jo..., site='csc.localhost', user='Administrator') (csc.localhost::scheduled_job::frappe.email.doctype.email_account.email_account.pull)
2025-11-03 01:10:52,210 home-dipdops_greno-csc:default: Job OK (csc.localhost::scheduled_job::frappe.email.doctype.email_account.email_account.pull)
2025-11-03 01:10:52,210 Result is kept for 600 seconds
2025-11-03 01:10:52,213 Cleaning registries for queue: home-dipdops_greno-csc:short
2025-11-03 01:10:52,214 Cleaning registries for queue: home-dipdops_greno-csc:default
2025-11-03 01:10:52,215 Cleaning registries for queue: home-dipdops_greno-csc:long
2025-11-03 01:12:42,053 home-dipdops_greno-csc:default: frappe.utils.background_jobs.execute_job(event=None, is_async=True, job_name='frappe.core.doctype.scheduled_job_type.scheduled_job_type.run_scheduled_jo..., kwargs={'job_type': 'frappe.monitor.flush'}, method='frappe.core.doctype.scheduled_job_type.scheduled_job_type.run_scheduled_jo..., site='csc.localhost', user='Administrator') (csc.localhost::scheduled_job::frappe.monitor.flush)
2025-11-03 01:12:42,296 home-dipdops_greno-csc:default: Job OK (csc.localhost::scheduled_job::frappe.monitor.flush)
2025-11-03 01:12:42,297 Result is kept for 600 seconds
2025-11-03 01:12:42,300 home-dipdops_greno-csc:default: frappe.utils.background_jobs.execute_job(event=None, is_async=True, job_name='frappe.core.doctype.scheduled_job_type.scheduled_job_type.run_scheduled_jo..., kwargs={'job_type': 'frappe.integrations.doctype.google_calendar.google_calendar.s..., method='frappe.core.doctype.scheduled_job_type.scheduled_job_type.run_scheduled_jo..., site='csc.localhost', user='Administrator') (csc.localhost::scheduled_job::frappe.integrations.doctype.google_calendar.google_calendar.sync)
2025-11-03 01:12:42,622 home-dipdops_greno-csc:default: Job OK (csc.localhost::scheduled_job::frappe.integrations.doctype.google_calendar.google_calendar.sync)
2025-11-03 01:12:42,622 Result is kept for 600 seconds
2025-11-03 01:12:42,626 home-dipdops_greno-csc:default: frappe.utils.background_jobs.execute_job(event=None, is_async=True, job_name='frappe.core.doctype.scheduled_job_type.scheduled_job_type.run_scheduled_jo..., kwargs={'job_type': 'frappe.email.queue.retry_sending_emails'}, method='frappe.core.doctype.scheduled_job_type.scheduled_job_type.run_scheduled_jo..., site='csc.localhost', user='Administrator') (csc.localhost::scheduled_job::frappe.email.queue.retry_sending_emails)
2025-11-03 01:12:42,826 home-dipdops_greno-csc:default: Job OK (csc.localhost::scheduled_job::frappe.email.queue.retry_sending_emails)
2025-11-03 01:12:42,826 Result is kept for 600 seconds
2025-11-03 01:12:42,829 home-dipdops_greno-csc:default: frappe.utils.background_jobs.execute_job(event=None, is_async=True, job_name='frappe.core.doctype.scheduled_job_type.scheduled_job_type.run_scheduled_jo..., kwargs={'job_type': 'frappe.email.queue.flush'}, method='frappe.core.doctype.scheduled_job_type.scheduled_job_type.run_scheduled_jo..., site='csc.localhost', user='Administrator') (csc.localhost::scheduled_job::frappe.email.queue.flush)
2025-11-03 01:12:43,120 home-dipdops_greno-csc:default: Job OK (csc.localhost::scheduled_job::frappe.email.queue.flush)
2025-11-03 01:12:43,121 Result is kept for 600 seconds
