2025-11-28 18:41:59,474 WARNING database DDL Query made to DB:
create table `tabInbound Log Data` (
			name varchar(140) primary key,
			creation datetime(6),
			modified datetime(6),
			modified_by varchar(140),
			owner varchar(140),
			docstatus int(1) not null default '0',
			idx int(8) not null default '0',
			`_user_tags` text,
`_comments` text,
`_assign` text,
`_liked_by` text,
index modified(modified))
			ENGINE=InnoDB
			ROW_FORMAT=DYNAMIC
			CHARACTER SET=utf8mb4
			COLLATE=utf8mb4_unicode_ci
2025-11-28 18:42:46,607 WARNING database DDL Query made to DB:
ALTER TABLE `tabInbound Log Data` ADD COLUMN `nama_barang` varchar(140), ADD COLUMN `kode_produksi` varchar(140)
2025-11-28 18:43:15,509 WARNING database DDL Query made to DB:
create table `tabOutbound Log Data` (
			name varchar(140) primary key,
			creation datetime(6),
			modified datetime(6),
			modified_by varchar(140),
			owner varchar(140),
			docstatus int(1) not null default '0',
			idx int(8) not null default '0',
			`_user_tags` text,
`_comments` text,
`_assign` text,
`_liked_by` text,
index modified(modified))
			ENGINE=InnoDB
			ROW_FORMAT=DYNAMIC
			CHARACTER SET=utf8mb4
			COLLATE=utf8mb4_unicode_ci
2025-11-28 18:43:49,133 WARNING database DDL Query made to DB:
ALTER TABLE `tabOutbound Log Data` ADD COLUMN `nama_barang` varchar(140), ADD COLUMN `kode_produksi` varchar(140)
2025-11-28 18:44:55,077 WARNING database DDL Query made to DB:
create table `tabWholesaler Feedback Data` (
			name varchar(140) primary key,
			creation datetime(6),
			modified datetime(6),
			modified_by varchar(140),
			owner varchar(140),
			docstatus int(1) not null default '0',
			idx int(8) not null default '0',
			`_user_tags` text,
`_comments` text,
`_assign` text,
`_liked_by` text,
index modified(modified))
			ENGINE=InnoDB
			ROW_FORMAT=DYNAMIC
			CHARACTER SET=utf8mb4
			COLLATE=utf8mb4_unicode_ci
2025-11-28 18:46:36,645 WARNING database DDL Query made to DB:
ALTER TABLE `tabWholesaler Feedback Data` ADD COLUMN `nama_swalayan` varchar(140), ADD COLUMN `penanggung_jawab` varchar(140), ADD COLUMN `jenis_barang_masuk` varchar(140), ADD COLUMN `tanggal` date
2025-11-28 18:47:31,438 WARNING database DDL Query made to DB:
create table `tabRetail Feedback Data` (
			name varchar(140) primary key,
			creation datetime(6),
			modified datetime(6),
			modified_by varchar(140),
			owner varchar(140),
			docstatus int(1) not null default '0',
			idx int(8) not null default '0',
			`_user_tags` text,
`_comments` text,
`_assign` text,
`_liked_by` text,
index modified(modified))
			ENGINE=InnoDB
			ROW_FORMAT=DYNAMIC
			CHARACTER SET=utf8mb4
			COLLATE=utf8mb4_unicode_ci
2025-11-28 18:47:58,035 WARNING database DDL Query made to DB:
ALTER TABLE `tabRetail Feedback Data` ADD COLUMN `nama_retail` varchar(140), ADD COLUMN `kode_masuk` varchar(140)
2025-11-29 00:18:21,782 WARNING database DDL Query made to DB:
create table `tabCustomer Feedback Data` (
			name varchar(140) primary key,
			creation datetime(6),
			modified datetime(6),
			modified_by varchar(140),
			owner varchar(140),
			docstatus int(1) not null default '0',
			idx int(8) not null default '0',
			`_user_tags` text,
`_comments` text,
`_assign` text,
`_liked_by` text,
index modified(modified))
			ENGINE=InnoDB
			ROW_FORMAT=DYNAMIC
			CHARACTER SET=utf8mb4
			COLLATE=utf8mb4_unicode_ci
2025-11-29 00:19:04,436 WARNING database DDL Query made to DB:
ALTER TABLE `tabCustomer Feedback Data` ADD COLUMN `uno_lorem_ipsum` varchar(140), ADD COLUMN `duo_lorem_ipsum` varchar(140)
2025-11-29 09:42:58,390 WARNING database DDL Query made to DB:
alter table `tabDocType` add column if not exists migration_hash varchar(140)
2025-11-29 09:42:59,240 WARNING database DDL Query made to DB:
ALTER TABLE `tabPrint Heading` DROP INDEX `print_heading`
2025-11-29 09:43:00,108 WARNING database DDL Query made to DB:
ALTER TABLE `tabTimesheet Detail` MODIFY `billing_rate` decimal(21,9) not null default 0, MODIFY `costing_rate` decimal(21,9) not null default 0, MODIFY `hours` decimal(21,9) not null default 0, MODIFY `expected_hours` decimal(21,9) not null default 0, MODIFY `base_billing_amount` decimal(21,9) not null default 0, MODIFY `base_costing_rate` decimal(21,9) not null default 0, MODIFY `base_costing_amount` decimal(21,9) not null default 0, MODIFY `billing_hours` decimal(21,9) not null default 0, MODIFY `base_billing_rate` decimal(21,9) not null default 0
2025-11-29 09:43:00,266 WARNING database DDL Query made to DB:
ALTER TABLE `tabTimesheet` MODIFY `base_total_costing_amount` decimal(21,9) not null default 0, MODIFY `title` varchar(140) default '{employee_name}', MODIFY `base_total_billable_amount` decimal(21,9) not null default 0, MODIFY `total_billed_amount` decimal(21,9) not null default 0, MODIFY `total_billed_hours` decimal(21,9) not null default 0, MODIFY `per_billed` decimal(21,9) not null default 0, MODIFY `total_costing_amount` decimal(21,9) not null default 0, MODIFY `total_billable_hours` decimal(21,9) not null default 0, MODIFY `status` varchar(140) default 'Draft', MODIFY `exchange_rate` decimal(21,9) not null default 1.0, MODIFY `base_total_billed_amount` decimal(21,9) not null default 0
2025-11-29 09:43:00,583 WARNING database DDL Query made to DB:
ALTER TABLE `tabProject` MODIFY `actual_time` decimal(21,9) not null default 0, MODIFY `total_billed_amount` decimal(21,9) not null default 0, MODIFY `total_purchase_cost` decimal(21,9) not null default 0, MODIFY `gross_margin` decimal(21,9) not null default 0, MODIFY `per_gross_margin` decimal(21,9) not null default 0, MODIFY `status` varchar(140) default 'Open', MODIFY `total_sales_amount` decimal(21,9) not null default 0, MODIFY `total_billable_amount` decimal(21,9) not null default 0, MODIFY `percent_complete` decimal(21,9) not null default 0, MODIFY `estimated_costing` decimal(21,9) not null default 0, MODIFY `total_costing_amount` decimal(21,9) not null default 0, MODIFY `total_consumed_material_cost` decimal(21,9) not null default 0, ADD UNIQUE INDEX IF NOT EXISTS project_name (`project_name`)
2025-11-29 09:43:00,613 WARNING database DDL Query made to DB:
ALTER TABLE `tabProject` ADD INDEX `status_index`(`status`)
2025-11-29 09:43:00,641 WARNING database DDL Query made to DB:
ALTER TABLE `tabProject` DROP INDEX `project_name_index`
2025-11-29 09:43:00,805 WARNING database DDL Query made to DB:
ALTER TABLE `tabTask` MODIFY `total_billing_amount` decimal(21,9) not null default 0, MODIFY `progress` decimal(21,9) not null default 0, MODIFY `actual_time` decimal(21,9) not null default 0, MODIFY `task_weight` decimal(21,9) not null default 0, MODIFY `total_costing_amount` decimal(21,9) not null default 0
2025-11-29 09:43:00,823 WARNING database DDL Query made to DB:
ALTER TABLE `tabTask` ADD INDEX `priority_index`(`priority`), ADD INDEX `parent_task_index`(`parent_task`)
2025-11-29 09:43:01,072 WARNING database DDL Query made to DB:
ALTER TABLE `tabPrint Heading` ADD UNIQUE INDEX IF NOT EXISTS print_heading (`print_heading`)
2025-11-29 09:43:02,151 WARNING database DDL Query made to DB:
ALTER TABLE `tabTimesheet Detail` MODIFY `actual_hours` decimal(21,9) not null default 0, MODIFY `expected_hours` decimal(21,9) not null default 0
2025-11-29 09:43:02,339 WARNING database DDL Query made to DB:
ALTER TABLE `tabTimesheet` MODIFY `total_billable_hours` decimal(21,9) not null default 0, MODIFY `exchange_rate` decimal(21,9) not null default 0, MODIFY `title` varchar(140), MODIFY `status` varchar(140), MODIFY `total_billed_hours` varchar(140)
2025-11-29 09:43:02,586 WARNING database DDL Query made to DB:
ALTER TABLE `tabProject` MODIFY `estimated_cost_human_resources` decimal(21,9) not null default 0, MODIFY `gross_margin_` decimal(21,9) not null default 0, MODIFY `estimated_cost` decimal(21,9) not null default 0, MODIFY `percent_completed` decimal(21,9) not null default 0, MODIFY `actual_cost_human_resources` decimal(21,9) not null default 0, MODIFY `actual_time_in_hours` decimal(21,9) not null default 0, MODIFY `actual_cost_services` decimal(21,9) not null default 0, MODIFY `gross_margin` decimal(21,9) not null default 0, MODIFY `estimated_cost_services` decimal(21,9) not null default 0, MODIFY `actual_cost_goods` decimal(21,9) not null default 0, MODIFY `revenue` decimal(21,9) not null default 0, MODIFY `estimated_cost_goods` decimal(21,9) not null default 0, MODIFY `status` varchar(140), MODIFY `actual_cost` decimal(21,9) not null default 0
2025-11-29 09:43:02,608 WARNING database DDL Query made to DB:
ALTER TABLE `tabProject` ADD INDEX `project_name_index`(`project_name`)
2025-11-29 09:43:02,626 WARNING database DDL Query made to DB:
ALTER TABLE `tabProject` DROP INDEX `project_name`, DROP INDEX `status_index`
2025-11-29 09:43:02,771 WARNING database DDL Query made to DB:
ALTER TABLE `tabTask` MODIFY `actual_time_in_hours` decimal(21,9) not null default 0, MODIFY `expected_time` decimal(21,9) not null default 0
2025-11-29 09:43:02,794 WARNING database DDL Query made to DB:
ALTER TABLE `tabTask` DROP INDEX `priority_index`, DROP INDEX `parent_task_index`
2025-11-29 09:43:03,055 WARNING database DDL Query made to DB:
ALTER TABLE `tabEmployee Contract Form` MODIFY `main_salary` decimal(21,9) not null default 0
